#
# A fatal error has been detected by the Java Runtime Environment:
#
#  SIGSEGV (0xb) at pc=0x00007fff383c2a9d, pid=30853, tid=0x0000000000000307
#
# JRE version: Java(TM) SE Runtime Environment (8.0_131-b11) (build 1.8.0_131-b11)
# Java VM: Java HotSpot(TM) 64-Bit Server VM (25.131-b11 mixed mode bsd-amd64 compressed oops)
# Problematic frame:
# C  [GLEngine+0x147a9d]  gleRunVertexSubmitImmediate+0x174d
#
# Failed to write core dump. Core dumps have been disabled. To enable core dumping, try "ulimit -c unlimited" before starting Java again
#
# If you would like to submit a bug report, please visit:
#   http://bugreport.java.com/bugreport/crash.jsp
# The crash happened outside the Java Virtual Machine in native code.
# See problematic frame for where to report the bug.
#

---------------  T H R E A D  ---------------

Current thread (0x00007fd426009000):  JavaThread "main" [_thread_in_native, id=775, stack(0x00007ffee2d92000,0x00007ffee3592000)]

siginfo: si_signo: 11 (SIGSEGV), si_code: 1 (SEGV_MAPERR), si_addr: 0x0000000957bb4ff8

Registers:
RAX=0x00007fff383c2a9d, RBX=0x0000000000000006, RCX=0x00007fff383c4e88, RDX=0x0000000083200000
RSP=0x00007ffee358cb60, RBP=0x00007ffee358cd80, RSI=0x00007fff383c242a, RDI=0x00007fff383c4d88
R8 =0x0000000000000832, R9 =0x0000000000000006, R10=0x000000010640108b, R11=0x00007fd42ac7e8f0
R12=0x0000000957bb4ff8, R13=0x0000000002116000, R14=0x0000000000000000, R15=0x00007fd428801400
RIP=0x00007fff383c2a9d, EFLAGS=0x0000000000010203, ERR=0x0000000000000004
  TRAPNO=0x000000000000000e

Top of Stack: (sp=0x00007ffee358cb60)
0x00007ffee358cb60:   0000000000000000 0000000000000002
0x00007ffee358cb70:   00007fd428801540 00007fd428801570
0x00007ffee358cb80:   00007fd428801590 00007fd428801550
0x00007ffee358cb90:   00007fd428801580 00007fd428801560
0x00007ffee358cba0:   00007fd4288015a0 0000000000000001
0x00007ffee358cbb0:   00000000ffffffff 0000000000000000
0x00007ffee358cbc0:   0000000000000000 00007fd425a2d8e8
0x00007ffee358cbd0:   00007ffee358cce0 0000000126c622ba
0x00007ffee358cbe0:   0000000000000000 00007fd428801400
0x00007ffee358cbf0:   0000000000000000 00000000fffffffe
0x00007ffee358cc00:   0000083200845800 0000000957bb4ff8
0x00007ffee358cc10:   00000000be26d400 0000000000000000
0x00007ffee358cc20:   0000000000000000 00007fd42ac7e8f0
0x00007ffee358cc30:   00007ffee358cd18 00007fd428801590
0x00007ffee358cc40:   000000027f187360 0000000000000000
0x00007ffee358cc50:   0000000000000000 0000000000000000
0x00007ffee358cc60:   0000000000000000 0000000000000000
0x00007ffee358cc70:   00007ffee358cc90 0000000000000832
0x00007ffee358cc80:   00007fd428801590 00007fd428801590
0x00007ffee358cc90:   0000000000000000 0000000000000000
0x00007ffee358cca0:   0000000000000000 0000000000000000
0x00007ffee358ccb0:   2d0a7d3794a700f5 2880159025a22600
0x00007ffee358ccc0:   2880159028801590 0000000528801590
0x00007ffee358ccd0:   0000000000000007 00007fd428801920
0x00007ffee358cce0:   2d0a7d3794a700f5 00007fd428801400
0x00007ffee358ccf0:   00000000ffffffff 0000000000000000
0x00007ffee358cd00:   0000000000000000 00007fd425a23430
0x00007ffee358cd10:   0000000957bb4ff8 0000000111dbffe0
0x00007ffee358cd20:   0000000111dc1360 0000000157c3e000
0x00007ffee358cd30:   00007fd4288051a0 00007fd4288053b0
0x00007ffee358cd40:   00007fd4290267a0 0000000000000000
0x00007ffee358cd50:   2d0a7d3794a700f5 0000000000000000 

Instructions: (pc=0x00007fff383c2a9d)
0x00007fff383c2a7d:   00 49 8b 04 24 48 89 85 50 ff ff ff e9 92 12 00
0x00007fff383c2a8d:   00 c7 85 4c ff ff ff 05 00 00 00 e9 83 12 00 00
0x00007fff383c2a9d:   49 8b 04 24 48 89 85 08 ff ff ff e9 73 12 00 00
0x00007fff383c2aad:   49 8b 04 24 48 89 85 08 ff ff ff 41 8b 44 24 08 

Register to memory mapping:

RAX=0x00007fff383c2a9d: gleRunVertexSubmitImmediate+0x174d in /System/Library/Frameworks/OpenGL.framework/Versions/A/Resources/GLEngine.bundle/GLEngine at 0x00007fff3827b000
RBX=0x0000000000000006 is an unknown value
RCX=0x00007fff383c4e88: gleRunVertexSubmitImmediate+0x3b38 in /System/Library/Frameworks/OpenGL.framework/Versions/A/Resources/GLEngine.bundle/GLEngine at 0x00007fff3827b000
RDX=0x0000000083200000 is an unknown value
RSP=0x00007ffee358cb60 is pointing into the stack for thread: 0x00007fd426009000
RBP=0x00007ffee358cd80 is pointing into the stack for thread: 0x00007fd426009000
RSI=0x00007fff383c242a: gleRunVertexSubmitImmediate+0x10da in /System/Library/Frameworks/OpenGL.framework/Versions/A/Resources/GLEngine.bundle/GLEngine at 0x00007fff3827b000
RDI=0x00007fff383c4d88: gleRunVertexSubmitImmediate+0x3a38 in /System/Library/Frameworks/OpenGL.framework/Versions/A/Resources/GLEngine.bundle/GLEngine at 0x00007fff3827b000
R8 =0x0000000000000832 is an unknown value
R9 =0x0000000000000006 is an unknown value
R10=0x000000010640108b is an unknown value
R11=0x00007fd42ac7e8f0 is an unknown value
R12=0x0000000957bb4ff8 is an unknown value
R13=0x0000000002116000 is an unknown value
R14=0x0000000000000000 is an unknown value
R15=0x00007fd428801400 is an unknown value


Stack: [0x00007ffee2d92000,0x00007ffee3592000],  sp=0x00007ffee358cb60,  free space=8170k
Native frames: (J=compiled Java code, j=interpreted, Vv=VM code, C=native code)
C  [GLEngine+0x147a9d]  gleRunVertexSubmitImmediate+0x174d
C  [GLEngine+0xabe40]  glDrawElements_GL3Exec+0x3e2
j  org.lwjgl.opengl.GL11.nglDrawElements(IIIJ)V+0
j  org.lwjgl.opengl.GL11.glDrawElements(IIIJ)V+4
j  com.axiom.engine.item.Mesh.render()V+55
j  com.axiom.engine.Renderer.renderHud(Lcom/axiom/engine/Window;Lcom/axiom/engine/hud/HudScene;)V+104
j  com.axiom.engine.Renderer.render(Lcom/axiom/engine/Window;Lcom/axiom/engine/math/Camera;[Lcom/axiom/engine/item/Item;Lcom/axiom/engine/item/Light;Lcom/axiom/engine/hud/HudScene;)V+42
j  com.axiom.game.Game.render(Lcom/axiom/engine/Window;)V+29
j  com.axiom.engine.Engine.render()V+8
j  com.axiom.engine.Engine.gameLoop()V+46
j  com.axiom.engine.Engine.run()V+5
j  java.lang.Thread.run()V+11
j  com.axiom.engine.Engine.start()V+19
j  com.axiom.game.Main.main([Ljava/lang/String;)V+37
v  ~StubRoutines::call_stub
V  [libjvm.dylib+0x2ee5b6]
V  [libjvm.dylib+0x3253ce]
V  [libjvm.dylib+0x31e145]
C  [java+0x3931]  JavaMain+0x9c4
C  [java+0x5590]  -[JavaLaunchHelper launchJava:]+0x2a
C  [Foundation+0x68985]  __NSThreadPerformPerform+0x14e
C  [CoreFoundation+0xa36c1]  __CFRUNLOOP_IS_CALLING_OUT_TO_A_SOURCE0_PERFORM_FUNCTION__+0x11
C  [CoreFoundation+0x15d2cc]  __CFRunLoopDoSource0+0x6c
C  [CoreFoundation+0x86160]  __CFRunLoopDoSources0+0xd0
C  [CoreFoundation+0x855dd]  __CFRunLoopRun+0x50d
C  [CoreFoundation+0x84e43]  CFRunLoopRunSpecific+0x1e3
C  [java+0x6465]  CreateExecutionEnvironment+0x367
C  [java+0x218c]  JLI_Launch+0x7a0
C  [java+0x84c2]  main+0x65
C  [java+0x19e4]  start+0x34
C  0x0000000000000006

Java frames: (J=compiled Java code, j=interpreted, Vv=VM code)
j  org.lwjgl.opengl.GL11.nglDrawElements(IIIJ)V+0
j  org.lwjgl.opengl.GL11.glDrawElements(IIIJ)V+4
j  com.axiom.engine.item.Mesh.render()V+55
j  com.axiom.engine.Renderer.renderHud(Lcom/axiom/engine/Window;Lcom/axiom/engine/hud/HudScene;)V+104
j  com.axiom.engine.Renderer.render(Lcom/axiom/engine/Window;Lcom/axiom/engine/math/Camera;[Lcom/axiom/engine/item/Item;Lcom/axiom/engine/item/Light;Lcom/axiom/engine/hud/HudScene;)V+42
j  com.axiom.game.Game.render(Lcom/axiom/engine/Window;)V+29
j  com.axiom.engine.Engine.render()V+8
j  com.axiom.engine.Engine.gameLoop()V+46
j  com.axiom.engine.Engine.run()V+5
j  java.lang.Thread.run()V+11
j  com.axiom.engine.Engine.start()V+19
j  com.axiom.game.Main.main([Ljava/lang/String;)V+37
v  ~StubRoutines::call_stub

---------------  P R O C E S S  ---------------

Java Threads: ( => current thread )
  0x00007fd427043800 JavaThread "Java2D Disposer" daemon [_thread_blocked, id=46215, stack(0x000070000da00000,0x000070000db00000)]
  0x00007fd42703e000 JavaThread "Service Thread" daemon [_thread_blocked, id=17923, stack(0x000070000d6f4000,0x000070000d7f4000)]
  0x00007fd42703e800 JavaThread "C1 CompilerThread2" daemon [_thread_blocked, id=17411, stack(0x000070000d5f1000,0x000070000d6f1000)]
  0x00007fd42703a000 JavaThread "C2 CompilerThread1" daemon [_thread_blocked, id=16899, stack(0x000070000d4ee000,0x000070000d5ee000)]
  0x00007fd427038000 JavaThread "C2 CompilerThread0" daemon [_thread_blocked, id=16387, stack(0x000070000d3eb000,0x000070000d4eb000)]
  0x00007fd42703d000 JavaThread "Signal Dispatcher" daemon [_thread_blocked, id=15875, stack(0x000070000d2e8000,0x000070000d3e8000)]
  0x00007fd42584f000 JavaThread "Finalizer" daemon [_thread_blocked, id=12291, stack(0x000070000d1e5000,0x000070000d2e5000)]
  0x00007fd42584c800 JavaThread "Reference Handler" daemon [_thread_blocked, id=11779, stack(0x000070000d0e2000,0x000070000d1e2000)]
=>0x00007fd426009000 JavaThread "main" [_thread_in_native, id=775, stack(0x00007ffee2d92000,0x00007ffee3592000)]

Other Threads:
  0x00007fd425848000 VMThread [stack: 0x000070000cfdf000,0x000070000d0df000] [id=11267]
  0x00007fd426007000 WatcherThread [stack: 0x000070000d7f7000,0x000070000d8f7000] [id=18435]

VM state:not at safepoint (normal execution)

VM Mutex/Monitor currently owned by a thread: None

Heap:
 PSYoungGen      total 38400K, used 25228K [0x0000000795580000, 0x0000000798000000, 0x00000007c0000000)
  eden space 33280K, 75% used [0x0000000795580000,0x0000000796e232a8,0x0000000797600000)
  from space 5120K, 0% used [0x0000000797b00000,0x0000000797b00000,0x0000000798000000)
  to   space 5120K, 0% used [0x0000000797600000,0x0000000797600000,0x0000000797b00000)
 ParOldGen       total 87552K, used 0K [0x0000000740000000, 0x0000000745580000, 0x0000000795580000)
  object space 87552K, 0% used [0x0000000740000000,0x0000000740000000,0x0000000745580000)
 Metaspace       used 12205K, capacity 12475K, committed 12544K, reserved 1060864K
  class space    used 1162K, capacity 1274K, committed 1280K, reserved 1048576K

Card table byte_map: [0x000000010e363000,0x000000010e764000] byte_map_base: 0x000000010a963000

Marking Bits: (ParMarkBitMap*) 0x000000010d8f1ea0
 Begin Bits: [0x0000000120eaf000, 0x0000000122eaf000)
 End Bits:   [0x0000000122eaf000, 0x0000000124eaf000)

Polling page: 0x000000010c6ea000

CodeCache: size=245760Kb used=3870Kb max_used=3878Kb free=241889Kb
 bounds [0x0000000111eaf000, 0x000000011227f000, 0x0000000120eaf000]
 total_blobs=1970 nmethods=1044 adapters=840
 compilation: enabled

Compilation events (10 events):
Event: 9.108 Thread 0x00007fd42703e800 nmethod 1031 0x0000000112274150 code [0x0000000112274360, 0x0000000112274a88]
Event: 9.108 Thread 0x00007fd42703e800 1035       3       com.axiom.engine.item.Item::setPosition (54 bytes)
Event: 9.108 Thread 0x00007fd42703e800 nmethod 1035 0x0000000112273ad0 code [0x0000000112273c60, 0x0000000112273f88]
Event: 9.108 Thread 0x00007fd42703e800 1034       3       com.axiom.engine.item.CollidableItem::setPosition (50 bytes)
Event: 9.108 Thread 0x00007fd42703e800 nmethod 1034 0x000000011226b910 code [0x000000011226ba80, 0x000000011226bc48]
Event: 9.108 Thread 0x00007fd42703e800 1042       3       com.axiom.engine.item.Item::setPosition (17 bytes)
Event: 9.109 Thread 0x00007fd42703e800 nmethod 1042 0x0000000112276810 code [0x0000000112276980, 0x0000000112276ba8]
Event: 9.109 Thread 0x00007fd42703e800 1036       1       com.axiom.engine.input.MouseListener::isRightButtonPressed (5 bytes)
Event: 9.109 Thread 0x00007fd42703e800 nmethod 1036 0x000000011226f790 code [0x000000011226f8e0, 0x000000011226f9f0]
Event: 9.109 Thread 0x00007fd42703a000 nmethod 1044 0x0000000112279b10 code [0x0000000112279c60, 0x0000000112279eb8]

GC Heap History (0 events):
No events

Deoptimization events (7 events):
Event: 0.119 Thread 0x00007fd426009000 Uncommon trap: reason=unstable_if action=reinterpret pc=0x0000000111fc3328 method=java.lang.String.hashCode()I @ 14
Event: 0.235 Thread 0x00007fd426009000 Uncommon trap: reason=unstable_if action=reinterpret pc=0x0000000111fd0f04 method=java.lang.String.indexOf(II)I @ 49
Event: 0.320 Thread 0x00007fd426009000 Uncommon trap: reason=unstable_if action=reinterpret pc=0x00000001120563b8 method=java.lang.String.indexOf([CII[CIII)I @ 134
Event: 0.474 Thread 0x00007fd426009000 Uncommon trap: reason=unstable_if action=reinterpret pc=0x00000001120e997c method=java.util.HashMap.getNode(ILjava/lang/Object;)Ljava/util/HashMap$Node; @ 116
Event: 0.865 Thread 0x00007fd426009000 Uncommon trap: reason=unstable_if action=reinterpret pc=0x000000011207309c method=java.lang.String.replace(CC)Ljava/lang/String; @ 26
Event: 8.889 Thread 0x00007fd426009000 Uncommon trap: reason=unstable_if action=reinterpret pc=0x00000001120b66a4 method=java.lang.String.indexOf([CII[CIII)I @ 3
Event: 9.035 Thread 0x00007fd426009000 Uncommon trap: reason=unstable_if action=reinterpret pc=0x00000001121cb0dc method=java.util.regex.Pattern$Start.match(Ljava/util/regex/Matcher;ILjava/lang/CharSequence;)Z @ 10

Internal exceptions (10 events):
Event: 0.268 Thread 0x00007fd426009000 Exception <a 'java/lang/NoSuchFieldError': method resolution failed> (0x000000079599dac8) thrown at [/Users/java_re/workspace/8-2-build-macosx-x86_64/jdk8u131/8869/hotspot/src/share/vm/prims/methodHandles.cpp, line 1146]
Event: 0.272 Thread 0x00007fd426009000 Exception <a 'java/lang/NoSuchFieldError': method resolution failed> (0x00000007959aaec8) thrown at [/Users/java_re/workspace/8-2-build-macosx-x86_64/jdk8u131/8869/hotspot/src/share/vm/prims/methodHandles.cpp, line 1146]
Event: 0.358 Thread 0x00007fd426009000 Exception <a 'java/security/PrivilegedActionException'> (0x0000000795bd9170) thrown at [/Users/java_re/workspace/8-2-build-macosx-x86_64/jdk8u131/8869/hotspot/src/share/vm/prims/jvm.cpp, line 1390]
Event: 0.358 Thread 0x00007fd426009000 Exception <a 'java/security/PrivilegedActionException'> (0x0000000795bd9380) thrown at [/Users/java_re/workspace/8-2-build-macosx-x86_64/jdk8u131/8869/hotspot/src/share/vm/prims/jvm.cpp, line 1390]
Event: 0.358 Thread 0x00007fd426009000 Exception <a 'java/security/PrivilegedActionException'> (0x0000000795bdc898) thrown at [/Users/java_re/workspace/8-2-build-macosx-x86_64/jdk8u131/8869/hotspot/src/share/vm/prims/jvm.cpp, line 1390]
Event: 0.358 Thread 0x00007fd426009000 Exception <a 'java/security/PrivilegedActionException'> (0x0000000795bdcaa8) thrown at [/Users/java_re/workspace/8-2-build-macosx-x86_64/jdk8u131/8869/hotspot/src/share/vm/prims/jvm.cpp, line 1390]
Event: 0.524 Thread 0x00007fd426009000 Exception <a 'sun/nio/fs/UnixException'> (0x0000000796019f78) thrown at [/Users/java_re/workspace/8-2-build-macosx-x86_64/jdk8u131/8869/hotspot/src/share/vm/prims/jni.cpp, line 709]
Event: 5.806 Thread 0x00007fd426009000 Exception <a 'java/io/FileNotFoundException'> (0x00000007966ec678) thrown at [/Users/java_re/workspace/8-2-build-macosx-x86_64/jdk8u131/8869/hotspot/src/share/vm/prims/jni.cpp, line 709]
Event: 5.806 Thread 0x00007fd426009000 Exception <a 'java/io/FileNotFoundException'> (0x00000007966ed1f8) thrown at [/Users/java_re/workspace/8-2-build-macosx-x86_64/jdk8u131/8869/hotspot/src/share/vm/prims/jni.cpp, line 709]
Event: 5.834 Thread 0x00007fd426009000 Exception <a 'java/io/FileNotFoundException'> (0x00000007966fb050) thrown at [/Users/java_re/workspace/8-2-build-macosx-x86_64/jdk8u131/8869/hotspot/src/share/vm/prims/jni.cpp, line 709]

Events (10 events):
Event: 9.076 loading class org/joml/Vector3ic
Event: 9.076 loading class org/joml/Vector3ic done
Event: 9.077 loading class org/joml/Vector2i
Event: 9.077 loading class org/joml/Vector2i done
Event: 9.077 loading class org/joml/Vector2ic
Event: 9.077 loading class org/joml/Vector2ic done
Event: 9.078 loading class org/joml/Quaternionf
Event: 9.078 loading class org/joml/Quaternionf done
Event: 9.079 loading class org/joml/Quaternionfc
Event: 9.079 loading class org/joml/Quaternionfc done


Dynamic libraries:
0x0000000006972000 	/System/Library/Frameworks/Cocoa.framework/Versions/A/Cocoa
0x0000000006972000 	/System/Library/Frameworks/Security.framework/Versions/A/Security
0x0000000006972000 	/System/Library/Frameworks/ApplicationServices.framework/Versions/A/ApplicationServices
0x0000000006972000 	/usr/lib/libz.1.dylib
0x0000000006972000 	/usr/lib/libSystem.B.dylib
0x0000000006972000 	/usr/lib/libobjc.A.dylib
0x0000000006972000 	/System/Library/Frameworks/CoreFoundation.framework/Versions/A/CoreFoundation
0x0000000006972000 	/System/Library/Frameworks/Foundation.framework/Versions/C/Foundation
0x0000000006972000 	/System/Library/Frameworks/AppKit.framework/Versions/C/AppKit
0x0000000006972000 	/System/Library/Frameworks/CoreData.framework/Versions/A/CoreData
0x0000000006972000 	/System/Library/PrivateFrameworks/RemoteViewServices.framework/Versions/A/RemoteViewServices
0x0000000006972000 	/System/Library/PrivateFrameworks/UIFoundation.framework/Versions/A/UIFoundation
0x0000000006972000 	/System/Library/PrivateFrameworks/DFRFoundation.framework/Versions/A/DFRFoundation
0x0000000006972000 	/System/Library/Frameworks/Metal.framework/Versions/A/Metal
0x0000000006972000 	/System/Library/PrivateFrameworks/DesktopServicesPriv.framework/Versions/A/DesktopServicesPriv
0x0000000006972000 	/usr/lib/libenergytrace.dylib
0x0000000006972000 	/System/Library/PrivateFrameworks/SkyLight.framework/Versions/A/SkyLight
0x0000000006972000 	/System/Library/Frameworks/CoreGraphics.framework/Versions/A/CoreGraphics
0x0000000006972000 	/usr/lib/libScreenReader.dylib
0x0000000006972000 	/System/Library/Frameworks/Accelerate.framework/Versions/A/Accelerate
0x0000000006972000 	/System/Library/Frameworks/IOSurface.framework/Versions/A/IOSurface
0x0000000006972000 	/System/Library/Frameworks/AudioToolbox.framework/Versions/A/AudioToolbox
0x0000000006972000 	/System/Library/Frameworks/AudioUnit.framework/Versions/A/AudioUnit
0x0000000006972000 	/System/Library/PrivateFrameworks/DataDetectorsCore.framework/Versions/A/DataDetectorsCore
0x0000000006972000 	/System/Library/Frameworks/Carbon.framework/Versions/A/Frameworks/HIToolbox.framework/Versions/A/HIToolbox
0x0000000006972000 	/usr/lib/libicucore.A.dylib
0x0000000006972000 	/System/Library/Frameworks/QuartzCore.framework/Versions/A/QuartzCore
0x0000000006972000 	/System/Library/Frameworks/Carbon.framework/Versions/A/Frameworks/SpeechRecognition.framework/Versions/A/SpeechRecognition
0x0000000006972000 	/usr/lib/libauto.dylib
0x0000000006972000 	/usr/lib/libxml2.2.dylib
0x0000000006972000 	/System/Library/PrivateFrameworks/CoreUI.framework/Versions/A/CoreUI
0x0000000006972000 	/System/Library/Frameworks/CoreAudio.framework/Versions/A/CoreAudio
0x0000000006972000 	/System/Library/Frameworks/DiskArbitration.framework/Versions/A/DiskArbitration
0x0000000006972000 	/usr/lib/liblangid.dylib
0x0000000006972000 	/System/Library/PrivateFrameworks/MultitouchSupport.framework/Versions/A/MultitouchSupport
0x0000000006972000 	/System/Library/Frameworks/IOKit.framework/Versions/A/IOKit
0x0000000006972000 	/usr/lib/libDiagnosticMessagesClient.dylib
0x0000000006972000 	/System/Library/Frameworks/CoreServices.framework/Versions/A/CoreServices
0x0000000006972000 	/System/Library/PrivateFrameworks/PerformanceAnalysis.framework/Versions/A/PerformanceAnalysis
0x0000000006972000 	/System/Library/Frameworks/OpenGL.framework/Versions/A/OpenGL
0x0000000006972000 	/System/Library/Frameworks/ColorSync.framework/Versions/A/ColorSync
0x0000000006972000 	/System/Library/Frameworks/CoreImage.framework/Versions/A/CoreImage
0x0000000006972000 	/System/Library/Frameworks/CoreText.framework/Versions/A/CoreText
0x0000000006972000 	/System/Library/Frameworks/ImageIO.framework/Versions/A/ImageIO
0x0000000006972000 	/System/Library/PrivateFrameworks/Backup.framework/Versions/A/Backup
0x0000000006972000 	/usr/lib/libarchive.2.dylib
0x0000000006972000 	/System/Library/Frameworks/CFNetwork.framework/Versions/A/CFNetwork
0x0000000006972000 	/System/Library/Frameworks/SystemConfiguration.framework/Versions/A/SystemConfiguration
0x0000000006972000 	/usr/lib/libCRFSuite.dylib
0x0000000006972000 	/usr/lib/libc++.1.dylib
0x0000000006972000 	/usr/lib/libc++abi.dylib
0x0000000006972000 	/usr/lib/system/libcache.dylib
0x0000000006972000 	/usr/lib/system/libcommonCrypto.dylib
0x0000000006972000 	/usr/lib/system/libcompiler_rt.dylib
0x0000000006972000 	/usr/lib/system/libcopyfile.dylib
0x0000000006972000 	/usr/lib/system/libcorecrypto.dylib
0x0000000006972000 	/usr/lib/system/libdispatch.dylib
0x0000000006972000 	/usr/lib/system/libdyld.dylib
0x0000000006972000 	/usr/lib/system/libkeymgr.dylib
0x0000000006972000 	/usr/lib/system/liblaunch.dylib
0x0000000006972000 	/usr/lib/system/libmacho.dylib
0x0000000006972000 	/usr/lib/system/libquarantine.dylib
0x0000000006972000 	/usr/lib/system/libremovefile.dylib
0x0000000006972000 	/usr/lib/system/libsystem_asl.dylib
0x0000000006972000 	/usr/lib/system/libsystem_blocks.dylib
0x0000000006972000 	/usr/lib/system/libsystem_c.dylib
0x0000000006972000 	/usr/lib/system/libsystem_configuration.dylib
0x0000000006972000 	/usr/lib/system/libsystem_coreservices.dylib
0x0000000006972000 	/usr/lib/system/libsystem_darwin.dylib
0x0000000006972000 	/usr/lib/system/libsystem_dnssd.dylib
0x0000000006972000 	/usr/lib/system/libsystem_info.dylib
0x0000000006972000 	/usr/lib/system/libsystem_m.dylib
0x0000000006972000 	/usr/lib/system/libsystem_malloc.dylib
0x0000000006972000 	/usr/lib/system/libsystem_network.dylib
0x0000000006972000 	/usr/lib/system/libsystem_networkextension.dylib
0x0000000006972000 	/usr/lib/system/libsystem_notify.dylib
0x0000000006972000 	/usr/lib/system/libsystem_sandbox.dylib
0x0000000006972000 	/usr/lib/system/libsystem_secinit.dylib
0x0000000006972000 	/usr/lib/system/libsystem_kernel.dylib
0x0000000006972000 	/usr/lib/system/libsystem_platform.dylib
0x0000000006972000 	/usr/lib/system/libsystem_pthread.dylib
0x0000000006972000 	/usr/lib/system/libsystem_symptoms.dylib
0x0000000006972000 	/usr/lib/system/libsystem_trace.dylib
0x0000000006972000 	/usr/lib/system/libunwind.dylib
0x0000000006972000 	/usr/lib/system/libxpc.dylib
0x0000000006972000 	/usr/lib/closure/libclosured.dylib
0x0000000006972000 	/usr/lib/libbsm.0.dylib
0x0000000006972000 	/usr/lib/system/libkxld.dylib
0x0000000006972000 	/usr/lib/libOpenScriptingUtil.dylib
0x0000000006972000 	/usr/lib/libcoretls.dylib
0x0000000006972000 	/usr/lib/libcoretls_cfhelpers.dylib
0x0000000006972000 	/usr/lib/libpam.2.dylib
0x0000000006972000 	/usr/lib/libsqlite3.dylib
0x0000000006972000 	/usr/lib/libxar.1.dylib
0x0000000006972000 	/usr/lib/libbz2.1.0.dylib
0x0000000006972000 	/usr/lib/liblzma.5.dylib
0x0000000006972000 	/usr/lib/libnetwork.dylib
0x0000000006972000 	/usr/lib/libapple_nghttp2.dylib
0x0000000006972000 	/usr/lib/libpcap.A.dylib
0x0000000006972000 	/usr/lib/libboringssl.dylib
0x0000000006972000 	/usr/lib/libusrtcp.dylib
0x0000000006972000 	/usr/lib/libapple_crypto.dylib
0x0000000006972000 	/System/Library/Frameworks/CoreServices.framework/Versions/A/Frameworks/FSEvents.framework/Versions/A/FSEvents
0x0000000006972000 	/System/Library/Frameworks/CoreServices.framework/Versions/A/Frameworks/CarbonCore.framework/Versions/A/CarbonCore
0x0000000006972000 	/System/Library/Frameworks/CoreServices.framework/Versions/A/Frameworks/Metadata.framework/Versions/A/Metadata
0x0000000006972000 	/System/Library/Frameworks/CoreServices.framework/Versions/A/Frameworks/OSServices.framework/Versions/A/OSServices
0x0000000006972000 	/System/Library/Frameworks/CoreServices.framework/Versions/A/Frameworks/SearchKit.framework/Versions/A/SearchKit
0x0000000006972000 	/System/Library/Frameworks/CoreServices.framework/Versions/A/Frameworks/AE.framework/Versions/A/AE
0x0000000006972000 	/System/Library/Frameworks/CoreServices.framework/Versions/A/Frameworks/LaunchServices.framework/Versions/A/LaunchServices
0x0000000006972000 	/System/Library/Frameworks/CoreServices.framework/Versions/A/Frameworks/DictionaryServices.framework/Versions/A/DictionaryServices
0x0000000006972000 	/System/Library/Frameworks/CoreServices.framework/Versions/A/Frameworks/SharedFileList.framework/Versions/A/SharedFileList
0x0000000006972000 	/System/Library/Frameworks/NetFS.framework/Versions/A/NetFS
0x0000000006972000 	/System/Library/PrivateFrameworks/NetAuth.framework/Versions/A/NetAuth
0x0000000006972000 	/System/Library/PrivateFrameworks/login.framework/Versions/A/Frameworks/loginsupport.framework/Versions/A/loginsupport
0x0000000006972000 	/System/Library/PrivateFrameworks/TCC.framework/Versions/A/TCC
0x0000000006972000 	/usr/lib/libmecabra.dylib
0x0000000006972000 	/System/Library/Frameworks/ApplicationServices.framework/Versions/A/Frameworks/ATS.framework/Versions/A/ATS
0x0000000006972000 	/System/Library/Frameworks/ApplicationServices.framework/Versions/A/Frameworks/ColorSyncLegacy.framework/Versions/A/ColorSyncLegacy
0x0000000006972000 	/System/Library/Frameworks/ApplicationServices.framework/Versions/A/Frameworks/HIServices.framework/Versions/A/HIServices
0x0000000006972000 	/System/Library/Frameworks/ApplicationServices.framework/Versions/A/Frameworks/LangAnalysis.framework/Versions/A/LangAnalysis
0x0000000006972000 	/System/Library/Frameworks/ApplicationServices.framework/Versions/A/Frameworks/PrintCore.framework/Versions/A/PrintCore
0x0000000006972000 	/System/Library/Frameworks/ApplicationServices.framework/Versions/A/Frameworks/QD.framework/Versions/A/QD
0x0000000006972000 	/System/Library/Frameworks/ApplicationServices.framework/Versions/A/Frameworks/SpeechSynthesis.framework/Versions/A/SpeechSynthesis
0x0000000006972000 	/System/Library/Frameworks/CoreDisplay.framework/Versions/A/CoreDisplay
0x0000000006972000 	/System/Library/Frameworks/Accelerate.framework/Versions/A/Frameworks/vImage.framework/Versions/A/vImage
0x0000000006972000 	/System/Library/Frameworks/Accelerate.framework/Versions/A/Frameworks/vecLib.framework/Versions/A/vecLib
0x0000000006972000 	/System/Library/Frameworks/Accelerate.framework/Versions/A/Frameworks/vecLib.framework/Versions/A/libvDSP.dylib
0x0000000006972000 	/System/Library/Frameworks/Accelerate.framework/Versions/A/Frameworks/vecLib.framework/Versions/A/libBNNS.dylib
0x0000000006972000 	/System/Library/Frameworks/Accelerate.framework/Versions/A/Frameworks/vecLib.framework/Versions/A/libQuadrature.dylib
0x0000000006972000 	/System/Library/Frameworks/Accelerate.framework/Versions/A/Frameworks/vecLib.framework/Versions/A/libvMisc.dylib
0x0000000006972000 	/System/Library/Frameworks/Accelerate.framework/Versions/A/Frameworks/vecLib.framework/Versions/A/libLAPACK.dylib
0x0000000006972000 	/System/Library/Frameworks/Accelerate.framework/Versions/A/Frameworks/vecLib.framework/Versions/A/libBLAS.dylib
0x0000000006972000 	/System/Library/Frameworks/Accelerate.framework/Versions/A/Frameworks/vecLib.framework/Versions/A/libLinearAlgebra.dylib
0x0000000006972000 	/System/Library/Frameworks/Accelerate.framework/Versions/A/Frameworks/vecLib.framework/Versions/A/libSparse.dylib
0x0000000006972000 	/System/Library/Frameworks/Accelerate.framework/Versions/A/Frameworks/vecLib.framework/Versions/A/libSparseBLAS.dylib
0x0000000006972000 	/System/Library/PrivateFrameworks/IOAccelerator.framework/Versions/A/IOAccelerator
0x0000000006972000 	/System/Library/PrivateFrameworks/IOPresentment.framework/Versions/A/IOPresentment
0x0000000006972000 	/System/Library/PrivateFrameworks/DSExternalDisplay.framework/Versions/A/DSExternalDisplay
0x0000000006972000 	/System/Library/Frameworks/OpenGL.framework/Versions/A/Libraries/libCoreFSCache.dylib
0x0000000006972000 	/System/Library/Frameworks/CoreVideo.framework/Versions/A/CoreVideo
0x0000000006972000 	/System/Library/PrivateFrameworks/GraphVisualizer.framework/Versions/A/GraphVisualizer
0x0000000006972000 	/System/Library/Frameworks/MetalPerformanceShaders.framework/Versions/A/MetalPerformanceShaders
0x0000000006972000 	/usr/lib/libFosl_dynamic.dylib
0x0000000006972000 	/System/Library/PrivateFrameworks/FaceCore.framework/Versions/A/FaceCore
0x0000000006972000 	/System/Library/Frameworks/OpenCL.framework/Versions/A/OpenCL
0x0000000006972000 	/usr/lib/libcompression.dylib
0x0000000006972000 	/System/Library/Frameworks/ApplicationServices.framework/Versions/A/Frameworks/ATS.framework/Versions/A/Resources/libFontParser.dylib
0x0000000006972000 	/System/Library/Frameworks/ApplicationServices.framework/Versions/A/Frameworks/ATS.framework/Versions/A/Resources/libFontRegistry.dylib
0x0000000006972000 	/System/Library/Frameworks/ImageIO.framework/Versions/A/Resources/libJPEG.dylib
0x0000000006972000 	/System/Library/Frameworks/ImageIO.framework/Versions/A/Resources/libTIFF.dylib
0x0000000006972000 	/System/Library/Frameworks/ImageIO.framework/Versions/A/Resources/libPng.dylib
0x0000000006972000 	/System/Library/Frameworks/ImageIO.framework/Versions/A/Resources/libGIF.dylib
0x0000000006972000 	/System/Library/Frameworks/ImageIO.framework/Versions/A/Resources/libJP2.dylib
0x0000000006972000 	/System/Library/Frameworks/ImageIO.framework/Versions/A/Resources/libRadiance.dylib
0x0000000006972000 	/System/Library/PrivateFrameworks/AppleJPEG.framework/Versions/A/AppleJPEG
0x0000000006972000 	/System/Library/PrivateFrameworks/MetalTools.framework/Versions/A/MetalTools
0x0000000006972000 	/System/Library/Frameworks/MetalPerformanceShaders.framework/Frameworks/MPSCore.framework/Versions/A/MPSCore
0x0000000006972000 	/System/Library/Frameworks/MetalPerformanceShaders.framework/Frameworks/MPSImage.framework/Versions/A/MPSImage
0x0000000006972000 	/System/Library/Frameworks/MetalPerformanceShaders.framework/Frameworks/MPSMatrix.framework/Versions/A/MPSMatrix
0x0000000006972000 	/System/Library/Frameworks/MetalPerformanceShaders.framework/Frameworks/MPSNeuralNetwork.framework/Versions/A/MPSNeuralNetwork
0x0000000006972000 	/System/Library/Frameworks/OpenGL.framework/Versions/A/Libraries/libGLU.dylib
0x0000000006972000 	/System/Library/Frameworks/OpenGL.framework/Versions/A/Libraries/libGFXShared.dylib
0x0000000006972000 	/System/Library/Frameworks/OpenGL.framework/Versions/A/Libraries/libGL.dylib
0x0000000006972000 	/System/Library/Frameworks/OpenGL.framework/Versions/A/Libraries/libGLImage.dylib
0x0000000006972000 	/System/Library/Frameworks/OpenGL.framework/Versions/A/Libraries/libCVMSPluginSupport.dylib
0x0000000006972000 	/System/Library/Frameworks/OpenGL.framework/Versions/A/Libraries/libCoreVMClient.dylib
0x0000000006972000 	/usr/lib/libcups.2.dylib
0x0000000006972000 	/System/Library/Frameworks/Kerberos.framework/Versions/A/Kerberos
0x0000000006972000 	/System/Library/Frameworks/GSS.framework/Versions/A/GSS
0x0000000006972000 	/usr/lib/libresolv.9.dylib
0x0000000006972000 	/usr/lib/libiconv.2.dylib
0x0000000006972000 	/System/Library/PrivateFrameworks/Heimdal.framework/Versions/A/Heimdal
0x0000000006972000 	/usr/lib/libheimdal-asn1.dylib
0x0000000006972000 	/System/Library/Frameworks/OpenDirectory.framework/Versions/A/OpenDirectory
0x0000000006972000 	/System/Library/PrivateFrameworks/CommonAuth.framework/Versions/A/CommonAuth
0x0000000006972000 	/System/Library/Frameworks/OpenDirectory.framework/Versions/A/Frameworks/CFOpenDirectory.framework/Versions/A/CFOpenDirectory
0x0000000006972000 	/System/Library/Frameworks/SecurityFoundation.framework/Versions/A/SecurityFoundation
0x0000000006972000 	/System/Library/PrivateFrameworks/APFS.framework/Versions/A/APFS
0x0000000006972000 	/usr/lib/libutil.dylib
0x0000000006972000 	/System/Library/PrivateFrameworks/AppleSauce.framework/Versions/A/AppleSauce
0x0000000006972000 	/System/Library/PrivateFrameworks/LinguisticData.framework/Versions/A/LinguisticData
0x0000000006972000 	/usr/lib/libmarisa.dylib
0x0000000006972000 	/System/Library/PrivateFrameworks/Lexicon.framework/Versions/A/Lexicon
0x0000000006972000 	/usr/lib/libChineseTokenizer.dylib
0x0000000006972000 	/usr/lib/libcmph.dylib
0x0000000006972000 	/System/Library/PrivateFrameworks/LanguageModeling.framework/Versions/A/LanguageModeling
0x0000000006972000 	/System/Library/PrivateFrameworks/CoreEmoji.framework/Versions/A/CoreEmoji
0x0000000006972000 	/System/Library/Frameworks/ServiceManagement.framework/Versions/A/ServiceManagement
0x0000000006972000 	/System/Library/PrivateFrameworks/BackgroundTaskManagement.framework/Versions/A/BackgroundTaskManagement
0x0000000006972000 	/usr/lib/libxslt.1.dylib
0x0000000006972000 	/System/Library/Frameworks/Carbon.framework/Versions/A/Frameworks/Ink.framework/Versions/A/Ink
0x0000000006972000 	/System/Library/PrivateFrameworks/TextureIO.framework/Versions/A/TextureIO
0x0000000006972000 	/usr/lib/libate.dylib
0x0000000006972000 	/System/Library/PrivateFrameworks/CrashReporterSupport.framework/Versions/A/CrashReporterSupport
0x0000000006972000 	/System/Library/PrivateFrameworks/Sharing.framework/Versions/A/Sharing
0x0000000006972000 	/System/Library/PrivateFrameworks/IconServices.framework/Versions/A/IconServices
0x0000000006972000 	/System/Library/PrivateFrameworks/ProtocolBuffer.framework/Versions/A/ProtocolBuffer
0x0000000006972000 	/System/Library/PrivateFrameworks/Apple80211.framework/Versions/A/Apple80211
0x0000000006972000 	/System/Library/Frameworks/CoreWLAN.framework/Versions/A/CoreWLAN
0x0000000006972000 	/System/Library/PrivateFrameworks/CoreUtils.framework/Versions/A/CoreUtils
0x0000000006972000 	/System/Library/Frameworks/IOBluetooth.framework/Versions/A/IOBluetooth
0x0000000006972000 	/System/Library/PrivateFrameworks/CoreWiFi.framework/Versions/A/CoreWiFi
0x0000000006972000 	/System/Library/Frameworks/CoreBluetooth.framework/Versions/A/CoreBluetooth
0x0000000006972000 	/System/Library/PrivateFrameworks/SignpostNotification.framework/Versions/A/SignpostNotification
0x0000000006972000 	/System/Library/PrivateFrameworks/DebugSymbols.framework/Versions/A/DebugSymbols
0x0000000006972000 	/System/Library/PrivateFrameworks/CoreSymbolication.framework/Versions/A/CoreSymbolication
0x0000000006972000 	/System/Library/PrivateFrameworks/Symbolication.framework/Versions/A/Symbolication
0x0000000006972000 	/System/Library/PrivateFrameworks/AppleFSCompression.framework/Versions/A/AppleFSCompression
0x0000000006972000 	/System/Library/PrivateFrameworks/SpeechRecognitionCore.framework/Versions/A/SpeechRecognitionCore
0x000000010d000000 	/Library/Java/JavaVirtualMachines/jdk1.8.0_131.jdk/Contents/Home/jre/lib/server/libjvm.dylib
0x0000000006972000 	/usr/lib/libstdc++.6.0.9.dylib
0x000000010c6a7000 	/Library/Java/JavaVirtualMachines/jdk1.8.0_131.jdk/Contents/Home/jre/lib/libverify.dylib
0x000000010c6b5000 	/Library/Java/JavaVirtualMachines/jdk1.8.0_131.jdk/Contents/Home/jre/lib/libjava.dylib
0x000000010c734000 	/Library/Java/JavaVirtualMachines/jdk1.8.0_131.jdk/Contents/Home/jre/lib/libzip.dylib
0x0000000006972000 	/System/Library/Frameworks/JavaVM.framework/Versions/A/Frameworks/JavaRuntimeSupport.framework/Versions/A/JavaRuntimeSupport
0x0000000006972000 	/System/Library/Frameworks/JavaVM.framework/Versions/A/Frameworks/JavaNativeFoundation.framework/Versions/A/JavaNativeFoundation
0x0000000006972000 	/System/Library/Frameworks/JavaVM.framework/Versions/A/JavaVM
0x0000000006972000 	/System/Library/Frameworks/Carbon.framework/Versions/A/Carbon
0x0000000006972000 	/System/Library/PrivateFrameworks/JavaLaunching.framework/Versions/A/JavaLaunching
0x0000000006972000 	/System/Library/Frameworks/Carbon.framework/Versions/A/Frameworks/CommonPanels.framework/Versions/A/CommonPanels
0x0000000006972000 	/System/Library/Frameworks/Carbon.framework/Versions/A/Frameworks/Help.framework/Versions/A/Help
0x0000000006972000 	/System/Library/Frameworks/Carbon.framework/Versions/A/Frameworks/ImageCapture.framework/Versions/A/ImageCapture
0x0000000006972000 	/System/Library/Frameworks/Carbon.framework/Versions/A/Frameworks/OpenScripting.framework/Versions/A/OpenScripting
0x0000000006972000 	/System/Library/Frameworks/Carbon.framework/Versions/A/Frameworks/Print.framework/Versions/A/Print
0x0000000006972000 	/System/Library/Frameworks/Carbon.framework/Versions/A/Frameworks/SecurityHI.framework/Versions/A/SecurityHI
0x000000011097d000 	/Library/Java/JavaVirtualMachines/jdk1.8.0_131.jdk/Contents/Home/jre/lib/libnio.dylib
0x000000011098d000 	/Library/Java/JavaVirtualMachines/jdk1.8.0_131.jdk/Contents/Home/jre/lib/./libnet.dylib
0x00000001109ec000 	/private/var/folders/bl/d4y9n0457kn5ykd3mh8zsy3w0000gn/T/lwjglchervjay/3.1.3-SNAPSHOT/liblwjgl.dylib
0x0000000110a1f000 	/var/folders/bl/d4y9n0457kn5ykd3mh8zsy3w0000gn/T/lwjglchervjay/3.1.3-SNAPSHOT/libjemalloc.dylib
0x000000011132c000 	/var/folders/bl/d4y9n0457kn5ykd3mh8zsy3w0000gn/T/lwjglchervjay/3.1.3-SNAPSHOT/libglfw.dylib
0x0000000006972000 	/System/Library/PrivateFrameworks/CoreServicesInternal.framework/Versions/A/CoreServicesInternal
0x0000000006972000 	/System/Library/PrivateFrameworks/FamilyControls.framework/Versions/A/FamilyControls
0x0000000006972000 	/System/Library/PrivateFrameworks/CommerceKit.framework/Versions/A/Frameworks/CommerceCore.framework/Versions/A/CommerceCore
0x0000000006972000 	/System/Library/PrivateFrameworks/SystemAdministration.framework/Versions/A/SystemAdministration
0x0000000006972000 	/System/Library/PrivateFrameworks/AppContainer.framework/Versions/A/AppContainer
0x0000000006972000 	/System/Library/PrivateFrameworks/SecCodeWrapper.framework/Versions/A/SecCodeWrapper
0x0000000006972000 	/System/Library/PrivateFrameworks/DiskManagement.framework/Versions/A/DiskManagement
0x0000000006972000 	/System/Library/Frameworks/DirectoryService.framework/Versions/A/DirectoryService
0x0000000006972000 	/System/Library/PrivateFrameworks/DiskImages.framework/Versions/A/DiskImages
0x0000000006972000 	/System/Library/PrivateFrameworks/LoginUIKit.framework/Versions/A/Frameworks/LoginUICore.framework/Versions/A/LoginUICore
0x0000000006972000 	/usr/lib/libCoreStorage.dylib
0x0000000006972000 	/usr/lib/libcsfde.dylib
0x0000000006972000 	/usr/lib/libodfde.dylib
0x0000000006972000 	/System/Library/PrivateFrameworks/MediaKit.framework/Versions/A/MediaKit
0x0000000006972000 	/System/Library/Frameworks/DiscRecording.framework/Versions/A/DiscRecording
0x0000000006972000 	/System/Library/PrivateFrameworks/EFILogin.framework/Versions/A/EFILogin
0x0000000006972000 	/System/Library/PrivateFrameworks/ProtectedCloudStorage.framework/Versions/A/ProtectedCloudStorage
0x0000000006972000 	/usr/lib/libcurl.4.dylib
0x0000000006972000 	/usr/lib/libcrypto.35.dylib
0x0000000006972000 	/usr/lib/libssl.35.dylib
0x0000000006972000 	/System/Library/Frameworks/LDAP.framework/Versions/A/LDAP
0x0000000006972000 	/System/Library/PrivateFrameworks/TrustEvaluationAgent.framework/Versions/A/TrustEvaluationAgent
0x0000000006972000 	/usr/lib/libsasl2.2.dylib
0x0000000006972000 	/System/Library/PrivateFrameworks/CoreDaemon.framework/Versions/B/CoreDaemon
0x0000000006972000 	/System/Library/PrivateFrameworks/AppleSRP.framework/Versions/A/AppleSRP
0x0000000006972000 	/System/Library/Frameworks/ApplicationServices.framework/Versions/A/Frameworks/ATS.framework/Versions/A/Resources/libTrueTypeScaler.dylib
0x0000000006972000 	/System/Library/Frameworks/Accelerate.framework/Versions/A/Frameworks/vImage.framework/Versions/A/Libraries/libCGInterfaces.dylib
0x0000000006972000 	/System/Library/Frameworks/OpenGL.framework/Versions/A/Resources/GLEngine.bundle/GLEngine
0x0000000006972000 	/System/Library/Frameworks/OpenGL.framework/Versions/A/Libraries/libGLProgrammability.dylib
0x0000000126c5a000 	/System/Library/Extensions/AppleIntelBDWGraphicsGLDriver.bundle/Contents/MacOS/AppleIntelBDWGraphicsGLDriver
0x0000000006972000 	/System/Library/PrivateFrameworks/GPUSupport.framework/Versions/A/Libraries/libGPUSupportMercury.dylib
0x0000000006972000 	/System/Library/Frameworks/OpenGL.framework/Versions/A/Resources/GLRendererFloat.bundle/GLRendererFloat
0x0000000006972000 	/System/Library/Frameworks/OpenCL.framework/Versions/A/Libraries/libcldcpuengine.dylib
0x000000012941c000 	/private/var/folders/bl/d4y9n0457kn5ykd3mh8zsy3w0000gn/T/lwjglchervjay/3.1.3-SNAPSHOT/liblwjgl_opengl.dylib
0x0000000157678000 	/Library/Java/JavaVirtualMachines/jdk1.8.0_131.jdk/Contents/Home/jre/lib/libawt.dylib
0x0000000157720000 	/Library/Java/JavaVirtualMachines/jdk1.8.0_131.jdk/Contents/Home/jre/lib/./libmlib_image.dylib
0x00000001577ec000 	/Library/Java/JavaVirtualMachines/jdk1.8.0_131.jdk/Contents/Home/jre/lib/libawt_lwawt.dylib
0x00000001578a3000 	/Library/Java/JavaVirtualMachines/jdk1.8.0_131.jdk/Contents/Home/jre/lib/./libosxapp.dylib
0x0000000006972000 	/System/Library/Frameworks/ExceptionHandling.framework/Versions/A/ExceptionHandling
0x0000000157abf000 	/Library/Java/JavaVirtualMachines/jdk1.8.0_131.jdk/Contents/Home/jre/lib/libfontmanager.dylib

VM Arguments:
jvm_args: -Dfile.encoding=UTF-8 
java_command: com.axiom.game.Main
java_class_path (initial): /Users/chervjay/Documents/GitHub/Axiom/AxiomGL/bin:/Users/chervjay/Documents/GitHub/Axiom/AxiomGL/lib/lwjgl-assimp-javadoc.jar:/Users/chervjay/Documents/GitHub/Axiom/AxiomGL/lib/lwjgl-assimp-natives-macos.jar:/Users/chervjay/Documents/GitHub/Axiom/AxiomGL/lib/lwjgl-assimp-sources.jar:/Users/chervjay/Documents/GitHub/Axiom/AxiomGL/lib/lwjgl-assimp.jar:/Users/chervjay/Documents/GitHub/Axiom/AxiomGL/lib/lwjgl-bgfx-javadoc.jar:/Users/chervjay/Documents/GitHub/Axiom/AxiomGL/lib/lwjgl-bgfx-natives-macos.jar:/Users/chervjay/Documents/GitHub/Axiom/AxiomGL/lib/lwjgl-bgfx-sources.jar:/Users/chervjay/Documents/GitHub/Axiom/AxiomGL/lib/lwjgl-bgfx.jar:/Users/chervjay/Documents/GitHub/Axiom/AxiomGL/lib/lwjgl-egl-javadoc.jar:/Users/chervjay/Documents/GitHub/Axiom/AxiomGL/lib/lwjgl-egl-sources.jar:/Users/chervjay/Documents/GitHub/Axiom/AxiomGL/lib/lwjgl-egl.jar:/Users/chervjay/Documents/GitHub/Axiom/AxiomGL/lib/lwjgl-glfw-javadoc.jar:/Users/chervjay/Documents/GitHub/Axiom/AxiomGL/lib/lwjgl-glfw-natives-macos.jar:/Users/chervjay/Documents/GitHub/Axiom/AxiomGL/lib/lwjgl-glfw-sources.jar:/Users/chervjay/Documents/GitHub/Axiom/AxiomGL/lib/lwjgl-glfw.jar:/Users/chervjay/Documents/GitHub/Axiom/AxiomGL/lib/lwjgl-javadoc.jar:/Users/chervjay/Documents/GitHub/Axiom/AxiomGL/lib/lwjgl-jawt-javadoc.jar:/Users/chervjay/Documents/GitHub/Axiom/AxiomGL/lib/lwjgl-jawt-sources.jar:/Users/chervjay/Documents/GitHub/Axiom/AxiomGL/lib/lwjgl-jawt.jar:/Users/chervjay/Documents/GitHub/Axiom/AxiomGL/lib/lwjgl-jemalloc-javadoc.jar:/Users/chervjay/Documents/GitHub/Axiom/AxiomGL/lib/lwjgl-jemalloc-natives-macos.jar:/Users/chervjay/Documents/GitHub/Axiom/AxiomGL/lib/lwjgl-jemalloc-sources.jar:/Users/chervjay/Documents/GitHub/Axiom/AxiomGL/lib/lwjgl-jemalloc.jar:/Users/chervjay/Documents/GitHub/Axiom/AxiomGL/lib/lwjgl-lmdb-javadoc.jar:/Users/chervjay/Documents/GitHub/Axiom/AxiomGL/lib/lwjgl-lmdb-natives-macos.jar:/Users/chervjay/Documents/GitHub/Axiom/AxiomGL/lib/lwjgl-lmdb-sources.ja
Launcher Type: SUN_STANDARD

Environment Variables:
PATH=/usr/bin:/bin:/usr/sbin:/sbin
SHELL=/bin/bash

Signal Handlers:
SIGSEGV: [libjvm.dylib+0x5b1eb1], sa_mask[0]=11111111011111110111111111111111, sa_flags=SA_ONSTACK|SA_RESTART|SA_SIGINFO
SIGBUS: [libjvm.dylib+0x5b1eb1], sa_mask[0]=11111111011111110111111111111111, sa_flags=SA_RESTART|SA_SIGINFO
SIGFPE: [libjvm.dylib+0x488988], sa_mask[0]=11111111011111110111111111111111, sa_flags=SA_RESTART|SA_SIGINFO
SIGPIPE: [libjvm.dylib+0x488988], sa_mask[0]=11111111011111110111111111111111, sa_flags=SA_RESTART|SA_SIGINFO
SIGXFSZ: [libjvm.dylib+0x488988], sa_mask[0]=11111111011111110111111111111111, sa_flags=SA_RESTART|SA_SIGINFO
SIGILL: [libjvm.dylib+0x488988], sa_mask[0]=11111111011111110111111111111111, sa_flags=SA_RESTART|SA_SIGINFO
SIGUSR1: SIG_DFL, sa_mask[0]=00000000000000000000000000000000, sa_flags=none
SIGUSR2: [libjvm.dylib+0x4884a6], sa_mask[0]=00100000000000000000000000000000, sa_flags=SA_RESTART|SA_SIGINFO
SIGHUP: [libjvm.dylib+0x486a7d], sa_mask[0]=11111111011111110111111111111111, sa_flags=SA_RESTART|SA_SIGINFO
SIGINT: [libjvm.dylib+0x486a7d], sa_mask[0]=11111111011111110111111111111111, sa_flags=SA_RESTART|SA_SIGINFO
SIGTERM: [libjvm.dylib+0x486a7d], sa_mask[0]=11111111011111110111111111111111, sa_flags=SA_RESTART|SA_SIGINFO
SIGQUIT: [libjvm.dylib+0x486a7d], sa_mask[0]=11111111011111110111111111111111, sa_flags=SA_RESTART|SA_SIGINFO


---------------  S Y S T E M  ---------------

OS:Bsduname:Darwin 17.0.0 Darwin Kernel Version 17.0.0: Thu Aug 24 21:48:19 PDT 2017; root:xnu-4570.1.46~2/RELEASE_X86_64 x86_64
rlimit: STACK 8192k, CORE 0k, NPROC 709, NOFILE 10240, AS infinity
load average:2.71 2.64 2.44

CPU:total 4 (initial active 4) (2 cores per cpu, 2 threads per core) family 6 model 61 stepping 4, cmov, cx8, fxsr, mmx, sse, sse2, sse3, ssse3, sse4.1, sse4.2, popcnt, avx, avx2, aes, clmul, erms, 3dnowpref, lzcnt, ht, tsc, tscinvbit, bmi1, bmi2, adx

Memory: 4k page, physical 8388608k(108712k free)

/proc/meminfo:


vm_info: Java HotSpot(TM) 64-Bit Server VM (25.131-b11) for bsd-amd64 JRE (1.8.0_131-b11), built on Mar 15 2017 01:32:22 by "java_re" with gcc 4.2.1 (Based on Apple Inc. build 5658) (LLVM build 2336.11.00)

time: Sat Nov  4 16:49:34 2017
elapsed time: 9 seconds (0d 0h 0m 9s)

