#
# A fatal error has been detected by the Java Runtime Environment:
#
#  SIGSEGV (0xb) at pc=0x00000001234b892d, pid=31753, tid=0x0000000000003503
#
# JRE version: Java(TM) SE Runtime Environment (8.0_131-b11) (build 1.8.0_131-b11)
# Java VM: Java HotSpot(TM) 64-Bit Server VM (25.131-b11 mixed mode bsd-amd64 compressed oops)
# Problematic frame:
# C  [libjemalloc.dylib+0x592d]
#
# Failed to write core dump. Core dumps have been disabled. To enable core dumping, try "ulimit -c unlimited" before starting Java again
#
# If you would like to submit a bug report, please visit:
#   http://bugreport.java.com/bugreport/crash.jsp
#

---------------  T H R E A D  ---------------

Current thread is native thread

siginfo: si_signo: 11 (SIGSEGV), si_code: 1 (SEGV_MAPERR), si_addr: 0x00000000001d2300

Registers:
RAX=0x00000000001d2300, RBX=0x00007fc680000000, RCX=0x0000000000000008, RDX=0x000000012426e828
RSP=0x00007000008aec50, RBP=0x00007000008aecb0, RSI=0x000000012426e968, RDI=0x000000012426e9a0
R8 =0x0000000000000001, R9 =0x0000000000000000, R10=0x00007fc6ba41a101, R11=0x000000012426e9a8
R12=0x0000000000000000, R13=0x000000012426e8c8, R14=0x00000000000000a0, R15=0x000000012426e808
RIP=0x00000001234b892d, EFLAGS=0x0000000000010206, ERR=0x0000000000000004
  TRAPNO=0x000000000000000e

Top of Stack: (sp=0x00007000008aec50)
0x00007000008aec50:   00007000008aec70 00007000008aec58
0x00007000008aec60:   00007000008aec58 00007000008af000
0x00007000008aec70:   000000012426e800 000000012426e828
0x00007000008aec80:   00007fc6ba4601c0 00007fc6ba4602d0
0x00007000008aec90:   001ffffffffffe85 00007fc6ba41a170
0x00007000008aeca0:   ffffffffffffffff 00007fc6ba41a120
0x00007000008aecb0:   00007000008aecc0 00007fff9d9d28d5
0x00007000008aecc0:   00007000008aece0 00007fff95ae7cb8
0x00007000008aecd0:   00007fc6ba41a178 00007fc6ba460300
0x00007000008aece0:   00007000008aed00 00007fff9dd3d137
0x00007000008aecf0:   00007fc6ba41a178 0000000000000001
0x00007000008aed00:   00007000008aed40 00007fff9d9d2535
0x00007000008aed10:   00007fc6ba41a128 00007fc6ba6fab30
0x00007000008aed20:   0000000107c026c0 0000000000000000
0x00007000008aed30:   00007fc6ba41a080 0000000000000000
0x00007000008aed40:   00007000008aed60 00007fff9b2a593d
0x00007000008aed50:   0000000107c02700 0000000000000000
0x00007000008aed60:   00007000008aed80 00007fff9b29a40b
0x00007000008aed70:   0000000107c02700 0000000000000000
0x00007000008aed80:   00007000008aee00 00007fff9b29f03b
0x00007000008aed90:   00007000008aedc0 00007fff95b0ae63
0x00007000008aeda0:   00000000a40008ff 00007fff7dcaa180
0x00007000008aedb0:   00007fc6ba41a0c0 00000001069e4000
0x00007000008aedc0:   0000000000010001 00007fff7dcaa180
0x00007000008aedd0:   00007fc6ba41a0b4 0000000000000001
0x00007000008aede0:   0000000000000000 00007fc6ba41a0b0
0x00007000008aedf0:   00007fc6ba41a080 00007fff7dcaa180
0x00007000008aee00:   00007000008aee60 00007fff9b2a5707
0x00007000008aee10:   00007fff7baec0b0 00007fff7dcaa1d8
0x00007000008aee20:   00000000000010ff 00007fff7dcaa280
0x00007000008aee30:   00000000a00010ff 0000000107c02700
0x00007000008aee40:   00007fff7dcaa280 00007fff7dcaa2c0 

Instructions: (pc=0x00000001234b892d)
0x00000001234b890d:   20 4b 8b 44 37 20 48 39 d8 0f 85 53 02 00 00 48
0x00000001234b891d:   89 c8 48 c1 e8 09 25 f8 ff 1f 00 4b 03 44 37 28
0x00000001234b892d:   48 8b 08 48 8b 00 4d 85 e4 0f 84 ea 01 00 00 48
0x00000001234b893d:   c1 e9 30 a8 01 0f 84 6c 02 00 00 48 8d 05 49 c8 

Register to memory mapping:

RAX=0x00000000001d2300 is an unknown value
RBX=0x00007fc680000000 is an unknown value
RCX=0x0000000000000008 is an unknown value
RDX=0x000000012426e828 is an unknown value
RSP=0x00007000008aec50 is an unknown value
RBP=0x00007000008aecb0 is an unknown value
RSI=0x000000012426e968 is an unknown value
RDI=0x000000012426e9a0 is an unknown value
R8 =0x0000000000000001 is an unknown value
R9 =0x0000000000000000 is an unknown value
R10=0x00007fc6ba41a101 is an unknown value
R11=0x000000012426e9a8 is an unknown value
R12=0x0000000000000000 is an unknown value
R13=0x000000012426e8c8 is an unknown value
R14=0x00000000000000a0 is an unknown value
R15=0x000000012426e808 is an unknown value


Stack: [0x000070000082f000,0x00007000008af000],  sp=0x00007000008aec50,  free space=511k
Native frames: (J=compiled Java code, j=interpreted, Vv=VM code, C=native code)
C  [libjemalloc.dylib+0x592d]
C  [CoreGraphics+0x5e8d5]  _ZNSt3__120__shared_ptr_pointerIP12CGSBacktracePFvS2_ENS_9allocatorIS1_EEE16__on_zero_sharedEv+0x11
C  [libc++.1.dylib+0x3bcb8]  _ZNSt3__119__shared_weak_count16__release_sharedEv+0x2c
C  [CoreGraphics+0x3c9137]  _ZNSt3__16__treeINS_12__value_typeIyN12_GLOBAL__N_19BacktraceEEENS_19__map_value_compareIyS4_NS_4lessIyEELb1EEENS_9allocatorIS4_EEE5eraseENS_21__tree_const_iteratorIS4_PNS_11__tree_nodeIS4_PvEElEE+0x55
C  [CoreGraphics+0x5e535]  CGSReenableUpdateToken+0x102
C  [libdispatch.dylib+0xd93d]  _dispatch_call_block_and_release+0xc
C  [libdispatch.dylib+0x240b]  _dispatch_client_callout+0x8
C  [libdispatch.dylib+0x703b]  _dispatch_queue_drain+0x2f2
C  [libdispatch.dylib+0xd707]  _dispatch_queue_invoke+0x225
C  [libdispatch.dylib+0x240b]  _dispatch_client_callout+0x8
C  [libdispatch.dylib+0x629b]  _dispatch_root_queue_drain+0x762
C  [libdispatch.dylib+0x5b00]  _dispatch_worker_thread3+0x5b
C  [libsystem_pthread.dylib+0x34de]  _pthread_wqthread+0x469
C  [libsystem_pthread.dylib+0x1341]  start_wqthread+0xd


---------------  P R O C E S S  ---------------

VM state:not at safepoint (normal execution)

VM Mutex/Monitor currently owned by a thread: None

Heap:
 PSYoungGen      total 38400K, used 19812K [0x0000000795580000, 0x0000000798000000, 0x00000007c0000000)
  eden space 33280K, 59% used [0x0000000795580000,0x00000007968d93b8,0x0000000797600000)
  from space 5120K, 0% used [0x0000000797b00000,0x0000000797b00000,0x0000000798000000)
  to   space 5120K, 0% used [0x0000000797600000,0x0000000797600000,0x0000000797b00000)
 ParOldGen       total 87552K, used 0K [0x0000000740000000, 0x0000000745580000, 0x0000000795580000)
  object space 87552K, 0% used [0x0000000740000000,0x0000000740000000,0x0000000745580000)
 Metaspace       used 7854K, capacity 8083K, committed 8320K, reserved 1056768K
  class space    used 728K, capacity 808K, committed 896K, reserved 1048576K

Card table byte_map: [0x000000011785a000,0x0000000117c5b000] byte_map_base: 0x0000000113e5a000

Marking Bits: (ParMarkBitMap*) 0x0000000107536ea0
 Begin Bits: [0x0000000117f06000, 0x0000000119f06000)
 End Bits:   [0x0000000119f06000, 0x000000011bf06000)

Polling page: 0x0000000107bfb000

CodeCache: size=245760Kb used=2783Kb max_used=2793Kb free=242976Kb
 bounds [0x000000010849a000, 0x000000010875a000, 0x000000011749a000]
 total_blobs=1424 nmethods=633 adapters=705
 compilation: enabled

Compilation events (10 events):
Event: 7.754 Thread 0x00007fc6bb84c800  628       3       java.util.WeakHashMap::put (162 bytes)
Event: 7.754 Thread 0x00007fc6bb84c800 nmethod 628 0x000000010874fd10 code [0x000000010874ff40, 0x0000000108750df8]
Event: 7.962 Thread 0x00007fc6bb84c800  629       3       java.nio.Buffer::hasRemaining (17 bytes)
Event: 7.962 Thread 0x00007fc6bb84c800 nmethod 629 0x0000000108751490 code [0x0000000108751600, 0x00000001087517b0]
Event: 8.528 Thread 0x00007fc6bb84c800  630       3       java.net.URLStreamHandler::setURL (40 bytes)
Event: 8.528 Thread 0x00007fc6bb84c800 nmethod 630 0x0000000108751810 code [0x00000001087519a0, 0x0000000108751d58]
Event: 8.690 Thread 0x00007fc6bb84c800  631       3       org.lwjgl.system.Checks::check (14 bytes)
Event: 8.690 Thread 0x00007fc6bb84c000  632       4       org.lwjgl.system.MemoryUtil::memAddress0 (10 bytes)
Event: 8.691 Thread 0x00007fc6bb84c800 nmethod 631 0x0000000108751ed0 code [0x0000000108752040, 0x00000001087522c8]
Event: 8.691 Thread 0x00007fc6bb84c000 nmethod 632 0x0000000108747510 code [0x0000000108747640, 0x0000000108747678]

GC Heap History (0 events):
No events

Deoptimization events (0 events):
No events

Internal exceptions (10 events):
Event: 3.272 Thread 0x00007fc6bb009000 Exception <a 'java/security/PrivilegedActionException'> (0x00000007959348f8) thrown at [/Users/java_re/workspace/8-2-build-macosx-x86_64/jdk8u131/8869/hotspot/src/share/vm/prims/jvm.cpp, line 1390]
Event: 3.272 Thread 0x00007fc6bb009000 Exception <a 'java/security/PrivilegedActionException'> (0x0000000795934b08) thrown at [/Users/java_re/workspace/8-2-build-macosx-x86_64/jdk8u131/8869/hotspot/src/share/vm/prims/jvm.cpp, line 1390]
Event: 3.560 Thread 0x00007fc6bb009000 Exception <a 'java/lang/NoSuchMethodError': java.lang.Object.lambda$static$0(Ljava/lang/String;)Ljava/lang/Boolean;> (0x0000000795d1a6f0) thrown at [/Users/java_re/workspace/8-2-build-macosx-x86_64/jdk8u131/8869/hotspot/src/share/vm/interpreter/linkResolv
Event: 3.577 Thread 0x00007fc6bb009000 Exception <a 'java/lang/NoSuchFieldError': method resolution failed> (0x0000000795d9cad8) thrown at [/Users/java_re/workspace/8-2-build-macosx-x86_64/jdk8u131/8869/hotspot/src/share/vm/prims/methodHandles.cpp, line 1146]
Event: 3.579 Thread 0x00007fc6bb009000 Exception <a 'java/lang/NoSuchFieldError': method resolution failed> (0x0000000795daa6f8) thrown at [/Users/java_re/workspace/8-2-build-macosx-x86_64/jdk8u131/8869/hotspot/src/share/vm/prims/methodHandles.cpp, line 1146]
Event: 3.647 Thread 0x00007fc6bb009000 Exception <a 'java/security/PrivilegedActionException'> (0x0000000795f99568) thrown at [/Users/java_re/workspace/8-2-build-macosx-x86_64/jdk8u131/8869/hotspot/src/share/vm/prims/jvm.cpp, line 1390]
Event: 3.647 Thread 0x00007fc6bb009000 Exception <a 'java/security/PrivilegedActionException'> (0x0000000795f99778) thrown at [/Users/java_re/workspace/8-2-build-macosx-x86_64/jdk8u131/8869/hotspot/src/share/vm/prims/jvm.cpp, line 1390]
Event: 3.648 Thread 0x00007fc6bb009000 Exception <a 'java/security/PrivilegedActionException'> (0x0000000795f9caa8) thrown at [/Users/java_re/workspace/8-2-build-macosx-x86_64/jdk8u131/8869/hotspot/src/share/vm/prims/jvm.cpp, line 1390]
Event: 3.648 Thread 0x00007fc6bb009000 Exception <a 'java/security/PrivilegedActionException'> (0x0000000795f9ccb8) thrown at [/Users/java_re/workspace/8-2-build-macosx-x86_64/jdk8u131/8869/hotspot/src/share/vm/prims/jvm.cpp, line 1390]
Event: 4.269 Thread 0x00007fc6bb009000 Exception <a 'sun/nio/fs/UnixException'> (0x000000079617d140) thrown at [/Users/java_re/workspace/8-2-build-macosx-x86_64/jdk8u131/8869/hotspot/src/share/vm/prims/jni.cpp, line 709]

Events (10 events):
Event: 7.739 loading class org/lwjgl/system/MemoryUtil$MemoryAllocator
Event: 7.739 loading class org/lwjgl/system/MemoryUtil$MemoryAllocator done
Event: 7.740 loading class org/lwjgl/system/MemoryManage
Event: 7.740 loading class org/lwjgl/system/MemoryManage done
Event: 7.740 loading class org/lwjgl/system/jemalloc/JEmallocAllocator
Event: 7.740 loading class org/lwjgl/system/jemalloc/JEmallocAllocator done
Event: 7.742 loading class org/lwjgl/system/jemalloc/JEmalloc
Event: 7.742 loading class org/lwjgl/system/jemalloc/JEmalloc done
Event: 7.753 loading class org/lwjgl/system/jemalloc/JEmalloc$Functions
Event: 7.753 loading class org/lwjgl/system/jemalloc/JEmalloc$Functions done


Dynamic libraries:
0x0000000009e52000 	/System/Library/Frameworks/Cocoa.framework/Versions/A/Cocoa
0x0000000009e52000 	/System/Library/Frameworks/Security.framework/Versions/A/Security
0x0000000009e52000 	/System/Library/Frameworks/ApplicationServices.framework/Versions/A/ApplicationServices
0x0000000009e52000 	/usr/lib/libz.1.dylib
0x0000000009e52000 	/usr/lib/libSystem.B.dylib
0x0000000009e52000 	/usr/lib/libobjc.A.dylib
0x0000000009e52000 	/System/Library/Frameworks/CoreFoundation.framework/Versions/A/CoreFoundation
0x0000000009e52000 	/System/Library/Frameworks/Foundation.framework/Versions/C/Foundation
0x0000000009e52000 	/System/Library/Frameworks/AppKit.framework/Versions/C/AppKit
0x0000000009e52000 	/System/Library/Frameworks/CoreData.framework/Versions/A/CoreData
0x0000000009e52000 	/System/Library/PrivateFrameworks/RemoteViewServices.framework/Versions/A/RemoteViewServices
0x0000000009e52000 	/System/Library/PrivateFrameworks/UIFoundation.framework/Versions/A/UIFoundation
0x0000000009e52000 	/usr/lib/libScreenReader.dylib
0x0000000009e52000 	/System/Library/Frameworks/Accelerate.framework/Versions/A/Accelerate
0x0000000009e52000 	/System/Library/Frameworks/IOSurface.framework/Versions/A/IOSurface
0x0000000009e52000 	/System/Library/Frameworks/AudioToolbox.framework/Versions/A/AudioToolbox
0x0000000009e52000 	/System/Library/Frameworks/AudioUnit.framework/Versions/A/AudioUnit
0x0000000009e52000 	/System/Library/PrivateFrameworks/DataDetectorsCore.framework/Versions/A/DataDetectorsCore
0x0000000009e52000 	/System/Library/PrivateFrameworks/DesktopServicesPriv.framework/Versions/A/DesktopServicesPriv
0x0000000009e52000 	/System/Library/Frameworks/Carbon.framework/Versions/A/Frameworks/HIToolbox.framework/Versions/A/HIToolbox
0x0000000009e52000 	/System/Library/Frameworks/QuartzCore.framework/Versions/A/QuartzCore
0x0000000009e52000 	/System/Library/Frameworks/Carbon.framework/Versions/A/Frameworks/SpeechRecognition.framework/Versions/A/SpeechRecognition
0x0000000009e52000 	/usr/lib/libauto.dylib
0x0000000009e52000 	/usr/lib/libicucore.A.dylib
0x0000000009e52000 	/usr/lib/libxml2.2.dylib
0x0000000009e52000 	/System/Library/PrivateFrameworks/CoreUI.framework/Versions/A/CoreUI
0x0000000009e52000 	/System/Library/Frameworks/CoreAudio.framework/Versions/A/CoreAudio
0x0000000009e52000 	/System/Library/Frameworks/DiskArbitration.framework/Versions/A/DiskArbitration
0x0000000009e52000 	/usr/lib/liblangid.dylib
0x0000000009e52000 	/System/Library/PrivateFrameworks/MultitouchSupport.framework/Versions/A/MultitouchSupport
0x0000000009e52000 	/System/Library/Frameworks/IOKit.framework/Versions/A/IOKit
0x0000000009e52000 	/usr/lib/libDiagnosticMessagesClient.dylib
0x0000000009e52000 	/System/Library/Frameworks/CoreServices.framework/Versions/A/CoreServices
0x0000000009e52000 	/System/Library/PrivateFrameworks/PerformanceAnalysis.framework/Versions/A/PerformanceAnalysis
0x0000000009e52000 	/System/Library/PrivateFrameworks/GenerationalStorage.framework/Versions/A/GenerationalStorage
0x0000000009e52000 	/System/Library/Frameworks/OpenGL.framework/Versions/A/OpenGL
0x0000000009e52000 	/System/Library/PrivateFrameworks/Sharing.framework/Versions/A/Sharing
0x0000000009e52000 	/System/Library/Frameworks/CoreGraphics.framework/Versions/A/CoreGraphics
0x0000000009e52000 	/System/Library/Frameworks/CoreImage.framework/Versions/A/CoreImage
0x0000000009e52000 	/System/Library/Frameworks/CoreText.framework/Versions/A/CoreText
0x0000000009e52000 	/System/Library/Frameworks/ImageIO.framework/Versions/A/ImageIO
0x0000000009e52000 	/System/Library/PrivateFrameworks/Backup.framework/Versions/A/Backup
0x0000000009e52000 	/usr/lib/libextension.dylib
0x0000000009e52000 	/usr/lib/libarchive.2.dylib
0x0000000009e52000 	/System/Library/Frameworks/CFNetwork.framework/Versions/A/CFNetwork
0x0000000009e52000 	/System/Library/Frameworks/SystemConfiguration.framework/Versions/A/SystemConfiguration
0x0000000009e52000 	/usr/lib/libCRFSuite.dylib
0x0000000009e52000 	/usr/lib/libc++.1.dylib
0x0000000009e52000 	/usr/lib/libc++abi.dylib
0x0000000009e52000 	/usr/lib/system/libcache.dylib
0x0000000009e52000 	/usr/lib/system/libcommonCrypto.dylib
0x0000000009e52000 	/usr/lib/system/libcompiler_rt.dylib
0x0000000009e52000 	/usr/lib/system/libcopyfile.dylib
0x0000000009e52000 	/usr/lib/system/libcorecrypto.dylib
0x0000000009e52000 	/usr/lib/system/libdispatch.dylib
0x0000000009e52000 	/usr/lib/system/libdyld.dylib
0x0000000009e52000 	/usr/lib/system/libkeymgr.dylib
0x0000000009e52000 	/usr/lib/system/liblaunch.dylib
0x0000000009e52000 	/usr/lib/system/libmacho.dylib
0x0000000009e52000 	/usr/lib/system/libquarantine.dylib
0x0000000009e52000 	/usr/lib/system/libremovefile.dylib
0x0000000009e52000 	/usr/lib/system/libsystem_asl.dylib
0x0000000009e52000 	/usr/lib/system/libsystem_blocks.dylib
0x0000000009e52000 	/usr/lib/system/libsystem_c.dylib
0x0000000009e52000 	/usr/lib/system/libsystem_configuration.dylib
0x0000000009e52000 	/usr/lib/system/libsystem_coreservices.dylib
0x0000000009e52000 	/usr/lib/system/libsystem_coretls.dylib
0x0000000009e52000 	/usr/lib/system/libsystem_dnssd.dylib
0x0000000009e52000 	/usr/lib/system/libsystem_info.dylib
0x0000000009e52000 	/usr/lib/system/libsystem_kernel.dylib
0x0000000009e52000 	/usr/lib/system/libsystem_m.dylib
0x0000000009e52000 	/usr/lib/system/libsystem_malloc.dylib
0x0000000009e52000 	/usr/lib/system/libsystem_network.dylib
0x0000000009e52000 	/usr/lib/system/libsystem_networkextension.dylib
0x0000000009e52000 	/usr/lib/system/libsystem_notify.dylib
0x0000000009e52000 	/usr/lib/system/libsystem_platform.dylib
0x0000000009e52000 	/usr/lib/system/libsystem_pthread.dylib
0x0000000009e52000 	/usr/lib/system/libsystem_sandbox.dylib
0x0000000009e52000 	/usr/lib/system/libsystem_secinit.dylib
0x0000000009e52000 	/usr/lib/system/libsystem_trace.dylib
0x0000000009e52000 	/usr/lib/system/libunc.dylib
0x0000000009e52000 	/usr/lib/system/libunwind.dylib
0x0000000009e52000 	/usr/lib/system/libxpc.dylib
0x0000000009e52000 	/usr/lib/libenergytrace.dylib
0x0000000009e52000 	/usr/lib/libbsm.0.dylib
0x0000000009e52000 	/usr/lib/system/libkxld.dylib
0x0000000009e52000 	/usr/lib/libxar.1.dylib
0x0000000009e52000 	/usr/lib/libsqlite3.dylib
0x0000000009e52000 	/usr/lib/libpam.2.dylib
0x0000000009e52000 	/usr/lib/libOpenScriptingUtil.dylib
0x0000000009e52000 	/usr/lib/libbz2.1.0.dylib
0x0000000009e52000 	/usr/lib/liblzma.5.dylib
0x0000000009e52000 	/System/Library/Frameworks/CoreServices.framework/Versions/A/Frameworks/FSEvents.framework/Versions/A/FSEvents
0x0000000009e52000 	/System/Library/Frameworks/CoreServices.framework/Versions/A/Frameworks/CarbonCore.framework/Versions/A/CarbonCore
0x0000000009e52000 	/System/Library/Frameworks/CoreServices.framework/Versions/A/Frameworks/Metadata.framework/Versions/A/Metadata
0x0000000009e52000 	/System/Library/Frameworks/CoreServices.framework/Versions/A/Frameworks/OSServices.framework/Versions/A/OSServices
0x0000000009e52000 	/System/Library/Frameworks/CoreServices.framework/Versions/A/Frameworks/SearchKit.framework/Versions/A/SearchKit
0x0000000009e52000 	/System/Library/Frameworks/CoreServices.framework/Versions/A/Frameworks/AE.framework/Versions/A/AE
0x0000000009e52000 	/System/Library/Frameworks/CoreServices.framework/Versions/A/Frameworks/LaunchServices.framework/Versions/A/LaunchServices
0x0000000009e52000 	/System/Library/Frameworks/CoreServices.framework/Versions/A/Frameworks/DictionaryServices.framework/Versions/A/DictionaryServices
0x0000000009e52000 	/System/Library/Frameworks/CoreServices.framework/Versions/A/Frameworks/SharedFileList.framework/Versions/A/SharedFileList
0x0000000009e52000 	/System/Library/Frameworks/NetFS.framework/Versions/A/NetFS
0x0000000009e52000 	/System/Library/PrivateFrameworks/NetAuth.framework/Versions/A/NetAuth
0x0000000009e52000 	/System/Library/PrivateFrameworks/login.framework/Versions/A/Frameworks/loginsupport.framework/Versions/A/loginsupport
0x0000000009e52000 	/System/Library/PrivateFrameworks/TCC.framework/Versions/A/TCC
0x0000000009e52000 	/usr/lib/libmecabra.dylib
0x0000000009e52000 	/System/Library/Frameworks/ApplicationServices.framework/Versions/A/Frameworks/ATS.framework/Versions/A/ATS
0x0000000009e52000 	/System/Library/Frameworks/ApplicationServices.framework/Versions/A/Frameworks/ColorSync.framework/Versions/A/ColorSync
0x0000000009e52000 	/System/Library/Frameworks/ApplicationServices.framework/Versions/A/Frameworks/HIServices.framework/Versions/A/HIServices
0x0000000009e52000 	/System/Library/Frameworks/ApplicationServices.framework/Versions/A/Frameworks/LangAnalysis.framework/Versions/A/LangAnalysis
0x0000000009e52000 	/System/Library/Frameworks/ApplicationServices.framework/Versions/A/Frameworks/PrintCore.framework/Versions/A/PrintCore
0x0000000009e52000 	/System/Library/Frameworks/ApplicationServices.framework/Versions/A/Frameworks/QD.framework/Versions/A/QD
0x0000000009e52000 	/System/Library/Frameworks/ApplicationServices.framework/Versions/A/Frameworks/SpeechSynthesis.framework/Versions/A/SpeechSynthesis
0x0000000009e52000 	/System/Library/Frameworks/Metal.framework/Versions/A/Metal
0x0000000009e52000 	/System/Library/Frameworks/Accelerate.framework/Versions/A/Frameworks/vImage.framework/Versions/A/vImage
0x0000000009e52000 	/System/Library/Frameworks/Accelerate.framework/Versions/A/Frameworks/vecLib.framework/Versions/A/vecLib
0x0000000009e52000 	/System/Library/Frameworks/Accelerate.framework/Versions/A/Frameworks/vecLib.framework/Versions/A/libvDSP.dylib
0x0000000009e52000 	/System/Library/Frameworks/Accelerate.framework/Versions/A/Frameworks/vecLib.framework/Versions/A/libvMisc.dylib
0x0000000009e52000 	/System/Library/Frameworks/Accelerate.framework/Versions/A/Frameworks/vecLib.framework/Versions/A/libLAPACK.dylib
0x0000000009e52000 	/System/Library/Frameworks/Accelerate.framework/Versions/A/Frameworks/vecLib.framework/Versions/A/libBLAS.dylib
0x0000000009e52000 	/System/Library/Frameworks/Accelerate.framework/Versions/A/Frameworks/vecLib.framework/Versions/A/libLinearAlgebra.dylib
0x0000000009e52000 	/System/Library/Frameworks/Accelerate.framework/Versions/A/Frameworks/vecLib.framework/Versions/A/libSparseBLAS.dylib
0x0000000009e52000 	/System/Library/PrivateFrameworks/GPUCompiler.framework/libmetal_timestamp.dylib
0x0000000009e52000 	/System/Library/Frameworks/OpenGL.framework/Versions/A/Libraries/libCoreFSCache.dylib
0x0000000009e52000 	/System/Library/PrivateFrameworks/IOAccelerator.framework/Versions/A/IOAccelerator
0x0000000009e52000 	/System/Library/Frameworks/ApplicationServices.framework/Versions/A/Frameworks/ATS.framework/Versions/A/Resources/libFontParser.dylib
0x0000000009e52000 	/System/Library/Frameworks/ApplicationServices.framework/Versions/A/Frameworks/ATS.framework/Versions/A/Resources/libFontRegistry.dylib
0x0000000009e52000 	/System/Library/PrivateFrameworks/AppleVPA.framework/Versions/A/AppleVPA
0x0000000009e52000 	/System/Library/PrivateFrameworks/AppleJPEG.framework/Versions/A/AppleJPEG
0x0000000009e52000 	/System/Library/Frameworks/ImageIO.framework/Versions/A/Resources/libJPEG.dylib
0x0000000009e52000 	/System/Library/Frameworks/ImageIO.framework/Versions/A/Resources/libTIFF.dylib
0x0000000009e52000 	/System/Library/Frameworks/ImageIO.framework/Versions/A/Resources/libPng.dylib
0x0000000009e52000 	/System/Library/Frameworks/ImageIO.framework/Versions/A/Resources/libGIF.dylib
0x0000000009e52000 	/System/Library/Frameworks/ImageIO.framework/Versions/A/Resources/libJP2.dylib
0x0000000009e52000 	/System/Library/Frameworks/ImageIO.framework/Versions/A/Resources/libRadiance.dylib
0x0000000009e52000 	/System/Library/Frameworks/CoreVideo.framework/Versions/A/CoreVideo
0x0000000009e52000 	/System/Library/Frameworks/OpenGL.framework/Versions/A/Libraries/libGLU.dylib
0x0000000009e52000 	/System/Library/Frameworks/OpenGL.framework/Versions/A/Libraries/libGFXShared.dylib
0x0000000009e52000 	/System/Library/Frameworks/OpenGL.framework/Versions/A/Libraries/libGL.dylib
0x0000000009e52000 	/System/Library/Frameworks/OpenGL.framework/Versions/A/Libraries/libGLImage.dylib
0x0000000009e52000 	/System/Library/Frameworks/OpenGL.framework/Versions/A/Libraries/libCVMSPluginSupport.dylib
0x0000000009e52000 	/System/Library/Frameworks/OpenGL.framework/Versions/A/Libraries/libCoreVMClient.dylib
0x0000000009e52000 	/usr/lib/libcompression.dylib
0x0000000009e52000 	/usr/lib/libcups.2.dylib
0x0000000009e52000 	/System/Library/Frameworks/Kerberos.framework/Versions/A/Kerberos
0x0000000009e52000 	/System/Library/Frameworks/GSS.framework/Versions/A/GSS
0x0000000009e52000 	/usr/lib/libresolv.9.dylib
0x0000000009e52000 	/usr/lib/libiconv.2.dylib
0x0000000009e52000 	/System/Library/PrivateFrameworks/Heimdal.framework/Versions/A/Heimdal
0x0000000009e52000 	/usr/lib/libheimdal-asn1.dylib
0x0000000009e52000 	/System/Library/Frameworks/OpenDirectory.framework/Versions/A/OpenDirectory
0x0000000009e52000 	/System/Library/PrivateFrameworks/CommonAuth.framework/Versions/A/CommonAuth
0x0000000009e52000 	/System/Library/Frameworks/OpenDirectory.framework/Versions/A/Frameworks/CFOpenDirectory.framework/Versions/A/CFOpenDirectory
0x0000000009e52000 	/System/Library/Frameworks/SecurityFoundation.framework/Versions/A/SecurityFoundation
0x0000000009e52000 	/System/Library/PrivateFrameworks/LanguageModeling.framework/Versions/A/LanguageModeling
0x0000000009e52000 	/usr/lib/libmarisa.dylib
0x0000000009e52000 	/usr/lib/libChineseTokenizer.dylib
0x0000000009e52000 	/usr/lib/libcmph.dylib
0x0000000009e52000 	/System/Library/Frameworks/ServiceManagement.framework/Versions/A/ServiceManagement
0x0000000009e52000 	/usr/lib/libxslt.1.dylib
0x0000000009e52000 	/System/Library/Frameworks/Carbon.framework/Versions/A/Frameworks/Ink.framework/Versions/A/Ink
0x0000000009e52000 	/usr/lib/libFosl_dynamic.dylib
0x0000000009e52000 	/System/Library/PrivateFrameworks/FaceCore.framework/Versions/A/FaceCore
0x0000000009e52000 	/System/Library/Frameworks/OpenCL.framework/Versions/A/OpenCL
0x0000000009e52000 	/System/Library/PrivateFrameworks/CrashReporterSupport.framework/Versions/A/CrashReporterSupport
0x0000000009e52000 	/System/Library/PrivateFrameworks/IconServices.framework/Versions/A/IconServices
0x0000000009e52000 	/System/Library/PrivateFrameworks/Apple80211.framework/Versions/A/Apple80211
0x0000000009e52000 	/System/Library/Frameworks/CoreWLAN.framework/Versions/A/CoreWLAN
0x0000000009e52000 	/System/Library/Frameworks/IOBluetooth.framework/Versions/A/IOBluetooth
0x0000000009e52000 	/System/Library/PrivateFrameworks/CoreWiFi.framework/Versions/A/CoreWiFi
0x0000000009e52000 	/System/Library/Frameworks/CoreBluetooth.framework/Versions/A/CoreBluetooth
0x0000000009e52000 	/System/Library/PrivateFrameworks/ChunkingLibrary.framework/Versions/A/ChunkingLibrary
0x0000000009e52000 	/System/Library/PrivateFrameworks/DebugSymbols.framework/Versions/A/DebugSymbols
0x0000000009e52000 	/System/Library/PrivateFrameworks/CoreSymbolication.framework/Versions/A/CoreSymbolication
0x0000000009e52000 	/System/Library/PrivateFrameworks/Symbolication.framework/Versions/A/Symbolication
0x0000000009e52000 	/System/Library/PrivateFrameworks/SpeechRecognitionCore.framework/Versions/A/SpeechRecognitionCore
0x0000000106c45000 	/Library/Java/JavaVirtualMachines/jdk1.8.0_131.jdk/Contents/Home/jre/lib/server/libjvm.dylib
0x0000000009e52000 	/usr/lib/libstdc++.6.dylib
0x0000000107bed000 	/Library/Java/JavaVirtualMachines/jdk1.8.0_131.jdk/Contents/Home/jre/lib/libverify.dylib
0x0000000108400000 	/Library/Java/JavaVirtualMachines/jdk1.8.0_131.jdk/Contents/Home/jre/lib/libjava.dylib
0x0000000108435000 	/Library/Java/JavaVirtualMachines/jdk1.8.0_131.jdk/Contents/Home/jre/lib/libinstrument.dylib
0x0000000108491000 	/Library/Java/JavaVirtualMachines/jdk1.8.0_131.jdk/Contents/Home/jre/lib/libzip.dylib
0x000000011ddd5000 	/System/Library/Frameworks/JavaVM.framework/Frameworks/JavaRuntimeSupport.framework/JavaRuntimeSupport
0x000000011ddf0000 	/System/Library/Frameworks/JavaVM.framework/Versions/A/Frameworks/JavaNativeFoundation.framework/Versions/A/JavaNativeFoundation
0x000000011de05000 	/System/Library/Frameworks/JavaVM.framework/Versions/A/JavaVM
0x0000000009e52000 	/System/Library/Frameworks/Carbon.framework/Versions/A/Carbon
0x000000011de12000 	/System/Library/PrivateFrameworks/JavaLaunching.framework/Versions/A/JavaLaunching
0x0000000009e52000 	/System/Library/Frameworks/Carbon.framework/Versions/A/Frameworks/CommonPanels.framework/Versions/A/CommonPanels
0x0000000009e52000 	/System/Library/Frameworks/Carbon.framework/Versions/A/Frameworks/Help.framework/Versions/A/Help
0x0000000009e52000 	/System/Library/Frameworks/Carbon.framework/Versions/A/Frameworks/ImageCapture.framework/Versions/A/ImageCapture
0x0000000009e52000 	/System/Library/Frameworks/Carbon.framework/Versions/A/Frameworks/OpenScripting.framework/Versions/A/OpenScripting
0x0000000009e52000 	/System/Library/Frameworks/Carbon.framework/Versions/A/Frameworks/Print.framework/Versions/A/Print
0x0000000009e52000 	/System/Library/Frameworks/Carbon.framework/Versions/A/Frameworks/SecurityHI.framework/Versions/A/SecurityHI
0x000000011f9ac000 	/Library/Java/JavaVirtualMachines/jdk1.8.0_131.jdk/Contents/Home/jre/lib/libnet.dylib
0x000000011fa35000 	/Library/Java/JavaVirtualMachines/jdk1.8.0_131.jdk/Contents/Home/jre/lib/libnio.dylib
0x000000011fa45000 	/private/var/folders/bl/d4y9n0457kn5ykd3mh8zsy3w0000gn/T/lwjglchervjay/3.1.3-SNAPSHOT/liblwjgl.dylib
0x000000011fa6b000 	/var/folders/bl/d4y9n0457kn5ykd3mh8zsy3w0000gn/T/lwjglchervjay/3.1.3-SNAPSHOT/libglfw.dylib
0x0000000009e52000 	/System/Library/PrivateFrameworks/CoreServicesInternal.framework/Versions/A/CoreServicesInternal
0x0000000009e52000 	/System/Library/PrivateFrameworks/FamilyControls.framework/Versions/A/FamilyControls
0x0000000009e52000 	/System/Library/PrivateFrameworks/CommerceKit.framework/Versions/A/Frameworks/CommerceCore.framework/Versions/A/CommerceCore
0x0000000009e52000 	/System/Library/PrivateFrameworks/SystemAdministration.framework/Versions/A/SystemAdministration
0x0000000009e52000 	/System/Library/PrivateFrameworks/AppContainer.framework/Versions/A/AppContainer
0x0000000009e52000 	/System/Library/PrivateFrameworks/SecCodeWrapper.framework/Versions/A/SecCodeWrapper
0x0000000009e52000 	/System/Library/Frameworks/DirectoryService.framework/Versions/A/DirectoryService
0x0000000009e52000 	/System/Library/PrivateFrameworks/DiskImages.framework/Versions/A/DiskImages
0x0000000009e52000 	/System/Library/PrivateFrameworks/LoginUIKit.framework/Versions/A/Frameworks/LoginUICore.framework/Versions/A/LoginUICore
0x0000000009e52000 	/usr/lib/libCoreStorage.dylib
0x0000000009e52000 	/usr/lib/libcsfde.dylib
0x0000000009e52000 	/usr/lib/libodfde.dylib
0x0000000009e52000 	/System/Library/Frameworks/DiscRecording.framework/Versions/A/DiscRecording
0x0000000009e52000 	/usr/lib/libcurl.4.dylib
0x0000000009e52000 	/System/Library/PrivateFrameworks/MediaKit.framework/Versions/A/MediaKit
0x0000000009e52000 	/System/Library/PrivateFrameworks/ProtectedCloudStorage.framework/Versions/A/ProtectedCloudStorage
0x0000000009e52000 	/System/Library/PrivateFrameworks/EFILogin.framework/Versions/A/EFILogin
0x0000000009e52000 	/usr/lib/libutil.dylib
0x0000000009e52000 	/System/Library/PrivateFrameworks/FindMyDevice.framework/Versions/A/FindMyDevice
0x0000000009e52000 	/System/Library/Frameworks/LDAP.framework/Versions/A/LDAP
0x0000000009e52000 	/usr/lib/libsasl2.2.dylib
0x0000000009e52000 	/System/Library/PrivateFrameworks/CoreDaemon.framework/Versions/B/CoreDaemon
0x0000000009e52000 	/usr/lib/libcrypto.0.9.8.dylib
0x0000000009e52000 	/System/Library/PrivateFrameworks/AppleSRP.framework/Versions/A/AppleSRP
0x0000000009e52000 	/System/Library/PrivateFrameworks/TrustEvaluationAgent.framework/Versions/A/TrustEvaluationAgent
0x0000000009e52000 	/System/Library/Frameworks/CoreGraphics.framework/Versions/A/Resources/libCGXType.A.dylib
0x00000001215b8000 	/System/Library/Frameworks/OpenGL.framework/Resources/GLEngine.bundle/GLEngine
0x0000000009e52000 	/System/Library/Frameworks/OpenGL.framework/Versions/A/Libraries/libGLProgrammability.dylib
0x00000001217a0000 	/System/Library/Extensions/AppleIntelBDWGraphicsGLDriver.bundle/Contents/MacOS/AppleIntelBDWGraphicsGLDriver
0x0000000009e52000 	/System/Library/PrivateFrameworks/GPUSupport.framework/Versions/A/Libraries/libGPUSupportMercury.dylib
0x000000012102f000 	/System/Library/Frameworks/OpenGL.framework/Resources//GLRendererFloat.bundle/GLRendererFloat
0x0000000009e52000 	/System/Library/Frameworks/OpenCL.framework/Versions/A/Libraries/libcldcpuengine.dylib
0x0000000123231000 	/private/var/folders/bl/d4y9n0457kn5ykd3mh8zsy3w0000gn/T/lwjglchervjay/3.1.3-SNAPSHOT/liblwjgl_opengl.dylib
0x000000012345a000 	/private/var/folders/bl/d4y9n0457kn5ykd3mh8zsy3w0000gn/T/lwjglchervjay/3.1.3-SNAPSHOT/liblwjgl_stb.dylib
0x00000001234b3000 	/var/folders/bl/d4y9n0457kn5ykd3mh8zsy3w0000gn/T/lwjglchervjay/3.1.3-SNAPSHOT/libjemalloc.dylib
0x0000000009e52000 	/System/Library/Frameworks/CoreGraphics.framework/Versions/A/Resources/libRIP.A.dylib
0x0000000135706000 	/System/Library/Frameworks/Accelerate.framework/Frameworks/vImage.framework/Versions/A/Libraries/libCGInterfaces.dylib

VM Arguments:
jvm_args: -javaagent:/Applications/IntelliJ IDEA 2.app/Contents/lib/idea_rt.jar=63581:/Applications/IntelliJ IDEA 2.app/Contents/bin -Dfile.encoding=UTF-8 
java_command: com.axiom.FullscreenCubemapDemo
java_class_path (initial): /Library/Java/JavaVirtualMachines/jdk1.8.0_131.jdk/Contents/Home/jre/lib/charsets.jar:/Library/Java/JavaVirtualMachines/jdk1.8.0_131.jdk/Contents/Home/jre/lib/deploy.jar:/Library/Java/JavaVirtualMachines/jdk1.8.0_131.jdk/Contents/Home/jre/lib/ext/cldrdata.jar:/Library/Java/JavaVirtualMachines/jdk1.8.0_131.jdk/Contents/Home/jre/lib/ext/dnsns.jar:/Library/Java/JavaVirtualMachines/jdk1.8.0_131.jdk/Contents/Home/jre/lib/ext/jaccess.jar:/Library/Java/JavaVirtualMachines/jdk1.8.0_131.jdk/Contents/Home/jre/lib/ext/jfxrt.jar:/Library/Java/JavaVirtualMachines/jdk1.8.0_131.jdk/Contents/Home/jre/lib/ext/localedata.jar:/Library/Java/JavaVirtualMachines/jdk1.8.0_131.jdk/Contents/Home/jre/lib/ext/nashorn.jar:/Library/Java/JavaVirtualMachines/jdk1.8.0_131.jdk/Contents/Home/jre/lib/ext/sunec.jar:/Library/Java/JavaVirtualMachines/jdk1.8.0_131.jdk/Contents/Home/jre/lib/ext/sunjce_provider.jar:/Library/Java/JavaVirtualMachines/jdk1.8.0_131.jdk/Contents/Home/jre/lib/ext/sunpkcs11.jar:/Library/Java/JavaVirtualMachines/jdk1.8.0_131.jdk/Contents/Home/jre/lib/ext/zipfs.jar:/Library/Java/JavaVirtualMachines/jdk1.8.0_131.jdk/Contents/Home/jre/lib/javaws.jar:/Library/Java/JavaVirtualMachines/jdk1.8.0_131.jdk/Contents/Home/jre/lib/jce.jar:/Library/Java/JavaVirtualMachines/jdk1.8.0_131.jdk/Contents/Home/jre/lib/jfr.jar:/Library/Java/JavaVirtualMachines/jdk1.8.0_131.jdk/Contents/Home/jre/lib/jfxswt.jar:/Library/Java/JavaVirtualMachines/jdk1.8.0_131.jdk/Contents/Home/jre/lib/jsse.jar:/Library/Java/JavaVirtualMachines/jdk1.8.0_131.jdk/Contents/Home/jre/lib/management-agent.jar:/Library/Java/JavaVirtualMachines/jdk1.8.0_131.jdk/Contents/Home/jre/lib/plugin.jar:/Library/Java/JavaVirtualMachines/jdk1.8.0_131.jdk/Contents/Home/jre/lib/resources.jar:/Library/Java/JavaVirtualMachines/jdk1.8.0_131.jdk/Contents/Home/jre/lib/rt.jar:/Library/Java/JavaVirtualMachines/jdk1.8.0_131.jdk/Contents/Home/lib/ant-javafx.jar:/Library/Java/JavaVirtualMachines/jdk1.8.0_131.jdk/Contents/Home
Launcher Type: SUN_STANDARD

Environment Variables:
PATH=/Users/chervjay/homebrew/bin:/Users/chervjay/homebrew/bin:/Library/Frameworks/Python.framework/Versions/3.5/bin:/usr/bin:/bin:/usr/sbin:/sbin:/usr/local/bin:/Users/chervjay/npm/bin:/Users/chervjay/.manymo/bin
SHELL=/bin/bash

Signal Handlers:
SIGSEGV: [libjvm.dylib+0x5b1eb1], sa_mask[0]=11111111011111110111111111111111, sa_flags=SA_ONSTACK|SA_RESTART|SA_SIGINFO
SIGBUS: [libjvm.dylib+0x5b1eb1], sa_mask[0]=11111111011111110111111111111111, sa_flags=SA_RESTART|SA_SIGINFO
SIGFPE: [libjvm.dylib+0x488988], sa_mask[0]=11111111011111110111111111111111, sa_flags=SA_RESTART|SA_SIGINFO
SIGPIPE: [libjvm.dylib+0x488988], sa_mask[0]=11111111011111110111111111111111, sa_flags=SA_RESTART|SA_SIGINFO
SIGXFSZ: [libjvm.dylib+0x488988], sa_mask[0]=11111111011111110111111111111111, sa_flags=SA_RESTART|SA_SIGINFO
SIGILL: [libjvm.dylib+0x488988], sa_mask[0]=11111111011111110111111111111111, sa_flags=SA_RESTART|SA_SIGINFO
SIGUSR1: SIG_DFL, sa_mask[0]=00000000000000000000000000000000, sa_flags=none
SIGUSR2: [libjvm.dylib+0x4884a6], sa_mask[0]=00100000000000000000000000000000, sa_flags=SA_RESTART|SA_SIGINFO
SIGHUP: [libjvm.dylib+0x486a7d], sa_mask[0]=11111111011111110111111111111111, sa_flags=SA_RESTART|SA_SIGINFO
SIGINT: [libjvm.dylib+0x486a7d], sa_mask[0]=11111111011111110111111111111111, sa_flags=SA_RESTART|SA_SIGINFO
SIGTERM: [libjvm.dylib+0x486a7d], sa_mask[0]=11111111011111110111111111111111, sa_flags=SA_RESTART|SA_SIGINFO
SIGQUIT: [libjvm.dylib+0x486a7d], sa_mask[0]=11111111011111110111111111111111, sa_flags=SA_RESTART|SA_SIGINFO


---------------  S Y S T E M  ---------------

OS:Bsduname:Darwin 15.6.0 Darwin Kernel Version 15.6.0: Sun Jun  4 21:43:07 PDT 2017; root:xnu-3248.70.3~1/RELEASE_X86_64 x86_64
rlimit: STACK 8192k, CORE 0k, NPROC 709, NOFILE 10240, AS infinity
load average:7.19 4.36 3.63

CPU:total 4 (initial active 4) (2 cores per cpu, 2 threads per core) family 6 model 61 stepping 4, cmov, cx8, fxsr, mmx, sse, sse2, sse3, ssse3, sse4.1, sse4.2, popcnt, avx, avx2, aes, clmul, erms, 3dnowpref, lzcnt, ht, tsc, tscinvbit, bmi1, bmi2, adx

Memory: 4k page, physical 8388608k(29620k free)

/proc/meminfo:


vm_info: Java HotSpot(TM) 64-Bit Server VM (25.131-b11) for bsd-amd64 JRE (1.8.0_131-b11), built on Mar 15 2017 01:32:22 by "java_re" with gcc 4.2.1 (Based on Apple Inc. build 5658) (LLVM build 2336.11.00)

time: Wed Oct  4 21:36:56 2017
elapsed time: 9 seconds (0d 0h 0m 9s)

